{"total": {"lines":{"total":9561,"covered":4908,"skipped":0,"pct":51.33},"statements":{"total":9561,"covered":4908,"skipped":0,"pct":51.33},"functions":{"total":709,"covered":389,"skipped":0,"pct":54.86},"branches":{"total":1123,"covered":875,"skipped":0,"pct":77.91},"branchesTrue":{"total":0,"covered":0,"skipped":0,"pct":100}}
,"/home/runner/work/reactive/reactive/packages/cli/src/cli.ts": {"lines":{"total":40,"covered":0,"skipped":0,"pct":0},"functions":{"total":1,"covered":1,"skipped":0,"pct":100},"statements":{"total":40,"covered":0,"skipped":0,"pct":0},"branches":{"total":1,"covered":1,"skipped":0,"pct":100}}
,"/home/runner/work/reactive/reactive/packages/cli/src/config.ts": {"lines":{"total":8,"covered":8,"skipped":0,"pct":100},"functions":{"total":1,"covered":1,"skipped":0,"pct":100},"statements":{"total":8,"covered":8,"skipped":0,"pct":100},"branches":{"total":1,"covered":1,"skipped":0,"pct":100}}
,"/home/runner/work/reactive/reactive/packages/cli/src/version.ts": {"lines":{"total":1,"covered":0,"skipped":0,"pct":0},"functions":{"total":1,"covered":0,"skipped":0,"pct":0},"statements":{"total":1,"covered":0,"skipped":0,"pct":0},"branches":{"total":1,"covered":0,"skipped":0,"pct":0}}
,"/home/runner/work/reactive/reactive/packages/cli/src/commands/generate.ts": {"lines":{"total":166,"covered":125,"skipped":0,"pct":75.3},"functions":{"total":6,"covered":6,"skipped":0,"pct":100},"statements":{"total":166,"covered":125,"skipped":0,"pct":75.3},"branches":{"total":34,"covered":27,"skipped":0,"pct":79.41}}
,"/home/runner/work/reactive/reactive/packages/cli/src/commands/init.ts": {"lines":{"total":24,"covered":21,"skipped":0,"pct":87.5},"functions":{"total":1,"covered":1,"skipped":0,"pct":100},"statements":{"total":24,"covered":21,"skipped":0,"pct":87.5},"branches":{"total":8,"covered":7,"skipped":0,"pct":87.5}}
,"/home/runner/work/reactive/reactive/packages/cli/src/plugins/aci.ts": {"lines":{"total":32,"covered":32,"skipped":0,"pct":100},"functions":{"total":2,"covered":2,"skipped":0,"pct":100},"statements":{"total":32,"covered":32,"skipped":0,"pct":100},"branches":{"total":10,"covered":10,"skipped":0,"pct":100}}
,"/home/runner/work/reactive/reactive/packages/cli/src/plugins/compiler.ts": {"lines":{"total":35,"covered":0,"skipped":0,"pct":0},"functions":{"total":1,"covered":0,"skipped":0,"pct":0},"statements":{"total":35,"covered":0,"skipped":0,"pct":0},"branches":{"total":1,"covered":0,"skipped":0,"pct":0}}
,"/home/runner/work/reactive/reactive/packages/cli/src/utils/findConfig.ts": {"lines":{"total":24,"covered":24,"skipped":0,"pct":100},"functions":{"total":1,"covered":1,"skipped":0,"pct":100},"statements":{"total":24,"covered":24,"skipped":0,"pct":100},"branches":{"total":9,"covered":9,"skipped":0,"pct":100}}
,"/home/runner/work/reactive/reactive/packages/cli/src/utils/resolveConfig.ts": {"lines":{"total":18,"covered":11,"skipped":0,"pct":61.11},"functions":{"total":1,"covered":1,"skipped":0,"pct":100},"statements":{"total":18,"covered":11,"skipped":0,"pct":61.11},"branches":{"total":3,"covered":1,"skipped":0,"pct":33.33}}
,"/home/runner/work/reactive/reactive/packages/connectors/src/iframe.ts": {"lines":{"total":108,"covered":74,"skipped":0,"pct":68.51},"functions":{"total":12,"covered":7,"skipped":0,"pct":58.33},"statements":{"total":108,"covered":74,"skipped":0,"pct":68.51},"branches":{"total":15,"covered":11,"skipped":0,"pct":73.33}}
,"/home/runner/work/reactive/reactive/packages/connectors/src/ledger.ts": {"lines":{"total":85,"covered":74,"skipped":0,"pct":87.05},"functions":{"total":14,"covered":10,"skipped":0,"pct":71.42},"statements":{"total":85,"covered":74,"skipped":0,"pct":87.05},"branches":{"total":24,"covered":21,"skipped":0,"pct":87.5}}
,"/home/runner/work/reactive/reactive/packages/connectors/src/metamaskSnap.ts": {"lines":{"total":125,"covered":113,"skipped":0,"pct":90.4},"functions":{"total":16,"covered":12,"skipped":0,"pct":75},"statements":{"total":125,"covered":113,"skipped":0,"pct":90.4},"branches":{"total":34,"covered":26,"skipped":0,"pct":76.47}}
,"/home/runner/work/reactive/reactive/packages/connectors/src/superhero.ts": {"lines":{"total":105,"covered":79,"skipped":0,"pct":75.23},"functions":{"total":12,"covered":9,"skipped":0,"pct":75},"statements":{"total":105,"covered":79,"skipped":0,"pct":75.23},"branches":{"total":19,"covered":17,"skipped":0,"pct":89.47}}
,"/home/runner/work/reactive/reactive/packages/connectors/src/version.ts": {"lines":{"total":1,"covered":0,"skipped":0,"pct":0},"functions":{"total":1,"covered":0,"skipped":0,"pct":0},"statements":{"total":1,"covered":0,"skipped":0,"pct":0},"branches":{"total":1,"covered":0,"skipped":0,"pct":0}}
,"/home/runner/work/reactive/reactive/packages/connectors/src/walletDetect.ts": {"lines":{"total":33,"covered":33,"skipped":0,"pct":100},"functions":{"total":2,"covered":2,"skipped":0,"pct":100},"statements":{"total":33,"covered":33,"skipped":0,"pct":100},"branches":{"total":7,"covered":7,"skipped":0,"pct":100}}
,"/home/runner/work/reactive/reactive/packages/connectors/src/webExtension.ts": {"lines":{"total":117,"covered":86,"skipped":0,"pct":73.5},"functions":{"total":13,"covered":9,"skipped":0,"pct":69.23},"statements":{"total":117,"covered":86,"skipped":0,"pct":73.5},"branches":{"total":21,"covered":14,"skipped":0,"pct":66.66}}
,"/home/runner/work/reactive/reactive/packages/core/src/constants.ts": {"lines":{"total":6,"covered":6,"skipped":0,"pct":100},"functions":{"total":0,"covered":0,"skipped":0,"pct":100},"statements":{"total":6,"covered":6,"skipped":0,"pct":100},"branches":{"total":0,"covered":0,"skipped":0,"pct":100}}
,"/home/runner/work/reactive/reactive/packages/core/src/createConfig.test-d.ts": {"lines":{"total":29,"covered":0,"skipped":0,"pct":0},"functions":{"total":1,"covered":1,"skipped":0,"pct":100},"statements":{"total":29,"covered":0,"skipped":0,"pct":0},"branches":{"total":1,"covered":1,"skipped":0,"pct":100}}
,"/home/runner/work/reactive/reactive/packages/core/src/createConfig.ts": {"lines":{"total":312,"covered":197,"skipped":0,"pct":63.14},"functions":{"total":21,"covered":14,"skipped":0,"pct":66.66},"statements":{"total":312,"covered":197,"skipped":0,"pct":63.14},"branches":{"total":59,"covered":51,"skipped":0,"pct":86.44}}
,"/home/runner/work/reactive/reactive/packages/core/src/createEmitter.ts": {"lines":{"total":36,"covered":36,"skipped":0,"pct":100},"functions":{"total":8,"covered":8,"skipped":0,"pct":100},"statements":{"total":36,"covered":36,"skipped":0,"pct":100},"branches":{"total":8,"covered":8,"skipped":0,"pct":100}}
,"/home/runner/work/reactive/reactive/packages/core/src/createStorage.test-d.ts": {"lines":{"total":22,"covered":0,"skipped":0,"pct":0},"functions":{"total":1,"covered":0,"skipped":0,"pct":0},"statements":{"total":22,"covered":0,"skipped":0,"pct":0},"branches":{"total":1,"covered":0,"skipped":0,"pct":0}}
,"/home/runner/work/reactive/reactive/packages/core/src/createStorage.ts": {"lines":{"total":58,"covered":55,"skipped":0,"pct":94.82},"functions":{"total":12,"covered":11,"skipped":0,"pct":91.66},"statements":{"total":58,"covered":55,"skipped":0,"pct":94.82},"branches":{"total":21,"covered":17,"skipped":0,"pct":80.95}}
,"/home/runner/work/reactive/reactive/packages/core/src/hydrate.ts": {"lines":{"total":27,"covered":19,"skipped":0,"pct":70.37},"functions":{"total":2,"covered":2,"skipped":0,"pct":100},"statements":{"total":27,"covered":19,"skipped":0,"pct":70.37},"branches":{"total":13,"covered":8,"skipped":0,"pct":61.53}}
,"/home/runner/work/reactive/reactive/packages/core/src/version.ts": {"lines":{"total":1,"covered":1,"skipped":0,"pct":100},"functions":{"total":0,"covered":0,"skipped":0,"pct":100},"statements":{"total":1,"covered":1,"skipped":0,"pct":100},"branches":{"total":0,"covered":0,"skipped":0,"pct":100}}
,"/home/runner/work/reactive/reactive/packages/core/src/__test__/utils.ts": {"lines":{"total":16,"covered":16,"skipped":0,"pct":100},"functions":{"total":4,"covered":4,"skipped":0,"pct":100},"statements":{"total":16,"covered":16,"skipped":0,"pct":100},"branches":{"total":5,"covered":5,"skipped":0,"pct":100}}
,"/home/runner/work/reactive/reactive/packages/core/src/actions/buildTransaction.ts": {"lines":{"total":16,"covered":16,"skipped":0,"pct":100},"functions":{"total":1,"covered":1,"skipped":0,"pct":100},"statements":{"total":16,"covered":16,"skipped":0,"pct":100},"branches":{"total":3,"covered":3,"skipped":0,"pct":100}}
,"/home/runner/work/reactive/reactive/packages/core/src/actions/callContract.ts": {"lines":{"total":51,"covered":38,"skipped":0,"pct":74.5},"functions":{"total":3,"covered":3,"skipped":0,"pct":100},"statements":{"total":51,"covered":38,"skipped":0,"pct":74.5},"branches":{"total":16,"covered":5,"skipped":0,"pct":31.25}}
,"/home/runner/work/reactive/reactive/packages/core/src/actions/claimName.ts": {"lines":{"total":36,"covered":16,"skipped":0,"pct":44.44},"functions":{"total":1,"covered":1,"skipped":0,"pct":100},"statements":{"total":36,"covered":16,"skipped":0,"pct":44.44},"branches":{"total":5,"covered":1,"skipped":0,"pct":20}}
,"/home/runner/work/reactive/reactive/packages/core/src/actions/compileContract.ts": {"lines":{"total":21,"covered":21,"skipped":0,"pct":100},"functions":{"total":3,"covered":3,"skipped":0,"pct":100},"statements":{"total":21,"covered":21,"skipped":0,"pct":100},"branches":{"total":5,"covered":5,"skipped":0,"pct":100}}
,"/home/runner/work/reactive/reactive/packages/core/src/actions/connect.test-d.ts": {"lines":{"total":18,"covered":0,"skipped":0,"pct":0},"functions":{"total":1,"covered":0,"skipped":0,"pct":0},"statements":{"total":18,"covered":0,"skipped":0,"pct":0},"branches":{"total":1,"covered":0,"skipped":0,"pct":0}}
,"/home/runner/work/reactive/reactive/packages/core/src/actions/connect.ts": {"lines":{"total":47,"covered":47,"skipped":0,"pct":100},"functions":{"total":1,"covered":1,"skipped":0,"pct":100},"statements":{"total":47,"covered":47,"skipped":0,"pct":100},"branches":{"total":13,"covered":11,"skipped":0,"pct":84.61}}
,"/home/runner/work/reactive/reactive/packages/core/src/actions/deployContract.test-d.ts": {"lines":{"total":22,"covered":0,"skipped":0,"pct":0},"functions":{"total":1,"covered":0,"skipped":0,"pct":0},"statements":{"total":22,"covered":0,"skipped":0,"pct":0},"branches":{"total":1,"covered":0,"skipped":0,"pct":0}}
,"/home/runner/work/reactive/reactive/packages/core/src/actions/deployContract.ts": {"lines":{"total":64,"covered":55,"skipped":0,"pct":85.93},"functions":{"total":5,"covered":5,"skipped":0,"pct":100},"statements":{"total":64,"covered":55,"skipped":0,"pct":85.93},"branches":{"total":26,"covered":7,"skipped":0,"pct":26.92}}
,"/home/runner/work/reactive/reactive/packages/core/src/actions/disconnect.ts": {"lines":{"total":42,"covered":34,"skipped":0,"pct":80.95},"functions":{"total":1,"covered":1,"skipped":0,"pct":100},"statements":{"total":42,"covered":34,"skipped":0,"pct":80.95},"branches":{"total":10,"covered":6,"skipped":0,"pct":60}}
,"/home/runner/work/reactive/reactive/packages/core/src/actions/estimateGas.ts": {"lines":{"total":32,"covered":32,"skipped":0,"pct":100},"functions":{"total":1,"covered":1,"skipped":0,"pct":100},"statements":{"total":32,"covered":32,"skipped":0,"pct":100},"branches":{"total":10,"covered":7,"skipped":0,"pct":70}}
,"/home/runner/work/reactive/reactive/packages/core/src/actions/getAccount.ts": {"lines":{"total":22,"covered":22,"skipped":0,"pct":100},"functions":{"total":1,"covered":1,"skipped":0,"pct":100},"statements":{"total":22,"covered":22,"skipped":0,"pct":100},"branches":{"total":7,"covered":7,"skipped":0,"pct":100}}
,"/home/runner/work/reactive/reactive/packages/core/src/actions/getActiveAccount.ts": {"lines":{"total":20,"covered":20,"skipped":0,"pct":100},"functions":{"total":1,"covered":1,"skipped":0,"pct":100},"statements":{"total":20,"covered":20,"skipped":0,"pct":100},"branches":{"total":5,"covered":5,"skipped":0,"pct":100}}
,"/home/runner/work/reactive/reactive/packages/core/src/actions/getBalance.test-d.ts": {"lines":{"total":19,"covered":0,"skipped":0,"pct":0},"functions":{"total":1,"covered":0,"skipped":0,"pct":0},"statements":{"total":19,"covered":0,"skipped":0,"pct":0},"branches":{"total":1,"covered":0,"skipped":0,"pct":0}}
,"/home/runner/work/reactive/reactive/packages/core/src/actions/getBalance.ts": {"lines":{"total":30,"covered":30,"skipped":0,"pct":100},"functions":{"total":1,"covered":1,"skipped":0,"pct":100},"statements":{"total":30,"covered":30,"skipped":0,"pct":100},"branches":{"total":12,"covered":12,"skipped":0,"pct":100}}
,"/home/runner/work/reactive/reactive/packages/core/src/actions/getBlock.ts": {"lines":{"total":27,"covered":27,"skipped":0,"pct":100},"functions":{"total":1,"covered":1,"skipped":0,"pct":100},"statements":{"total":27,"covered":27,"skipped":0,"pct":100},"branches":{"total":5,"covered":5,"skipped":0,"pct":100}}
,"/home/runner/work/reactive/reactive/packages/core/src/actions/getConnection.ts": {"lines":{"total":5,"covered":5,"skipped":0,"pct":100},"functions":{"total":1,"covered":1,"skipped":0,"pct":100},"statements":{"total":5,"covered":5,"skipped":0,"pct":100},"branches":{"total":3,"covered":3,"skipped":0,"pct":100}}
,"/home/runner/work/reactive/reactive/packages/core/src/actions/getConnections.ts": {"lines":{"total":3,"covered":3,"skipped":0,"pct":100},"functions":{"total":1,"covered":1,"skipped":0,"pct":100},"statements":{"total":3,"covered":3,"skipped":0,"pct":100},"branches":{"total":1,"covered":1,"skipped":0,"pct":100}}
,"/home/runner/work/reactive/reactive/packages/core/src/actions/getConnectors.ts": {"lines":{"total":3,"covered":3,"skipped":0,"pct":100},"functions":{"total":1,"covered":1,"skipped":0,"pct":100},"statements":{"total":3,"covered":3,"skipped":0,"pct":100},"branches":{"total":1,"covered":1,"skipped":0,"pct":100}}
,"/home/runner/work/reactive/reactive/packages/core/src/actions/getContractBytecode.ts": {"lines":{"total":11,"covered":11,"skipped":0,"pct":100},"functions":{"total":1,"covered":1,"skipped":0,"pct":100},"statements":{"total":11,"covered":11,"skipped":0,"pct":100},"branches":{"total":3,"covered":3,"skipped":0,"pct":100}}
,"/home/runner/work/reactive/reactive/packages/core/src/actions/getContractEvents.ts": {"lines":{"total":55,"covered":13,"skipped":0,"pct":23.63},"functions":{"total":2,"covered":1,"skipped":0,"pct":50},"statements":{"total":55,"covered":13,"skipped":0,"pct":23.63},"branches":{"total":6,"covered":4,"skipped":0,"pct":66.66}}
,"/home/runner/work/reactive/reactive/packages/core/src/actions/getHeight.ts": {"lines":{"total":8,"covered":8,"skipped":0,"pct":100},"functions":{"total":1,"covered":1,"skipped":0,"pct":100},"statements":{"total":8,"covered":8,"skipped":0,"pct":100},"branches":{"total":1,"covered":1,"skipped":0,"pct":100}}
,"/home/runner/work/reactive/reactive/packages/core/src/actions/getMicroBlock.ts": {"lines":{"total":26,"covered":25,"skipped":0,"pct":96.15},"functions":{"total":1,"covered":1,"skipped":0,"pct":100},"statements":{"total":26,"covered":25,"skipped":0,"pct":96.15},"branches":{"total":3,"covered":2,"skipped":0,"pct":66.66}}
,"/home/runner/work/reactive/reactive/packages/core/src/actions/getNameEntry.ts": {"lines":{"total":17,"covered":17,"skipped":0,"pct":100},"functions":{"total":1,"covered":1,"skipped":0,"pct":100},"statements":{"total":17,"covered":17,"skipped":0,"pct":100},"branches":{"total":6,"covered":5,"skipped":0,"pct":83.33}}
,"/home/runner/work/reactive/reactive/packages/core/src/actions/getNetworkId.ts": {"lines":{"total":3,"covered":3,"skipped":0,"pct":100},"functions":{"total":1,"covered":1,"skipped":0,"pct":100},"statements":{"total":3,"covered":3,"skipped":0,"pct":100},"branches":{"total":1,"covered":1,"skipped":0,"pct":100}}
,"/home/runner/work/reactive/reactive/packages/core/src/actions/getNetworks.ts": {"lines":{"total":3,"covered":3,"skipped":0,"pct":100},"functions":{"total":1,"covered":1,"skipped":0,"pct":100},"statements":{"total":3,"covered":3,"skipped":0,"pct":100},"branches":{"total":1,"covered":1,"skipped":0,"pct":100}}
,"/home/runner/work/reactive/reactive/packages/core/src/actions/getNodeClient.ts": {"lines":{"total":6,"covered":6,"skipped":0,"pct":100},"functions":{"total":1,"covered":1,"skipped":0,"pct":100},"statements":{"total":6,"covered":6,"skipped":0,"pct":100},"branches":{"total":1,"covered":1,"skipped":0,"pct":100}}
,"/home/runner/work/reactive/reactive/packages/core/src/actions/getOracleQueries.ts": {"lines":{"total":22,"covered":22,"skipped":0,"pct":100},"functions":{"total":1,"covered":1,"skipped":0,"pct":100},"statements":{"total":22,"covered":22,"skipped":0,"pct":100},"branches":{"total":5,"covered":4,"skipped":0,"pct":80}}
,"/home/runner/work/reactive/reactive/packages/core/src/actions/getOracleState.ts": {"lines":{"total":16,"covered":16,"skipped":0,"pct":100},"functions":{"total":1,"covered":1,"skipped":0,"pct":100},"statements":{"total":16,"covered":16,"skipped":0,"pct":100},"branches":{"total":2,"covered":2,"skipped":0,"pct":100}}
,"/home/runner/work/reactive/reactive/packages/core/src/actions/getTransaction.ts": {"lines":{"total":15,"covered":15,"skipped":0,"pct":100},"functions":{"total":1,"covered":1,"skipped":0,"pct":100},"statements":{"total":15,"covered":15,"skipped":0,"pct":100},"branches":{"total":3,"covered":3,"skipped":0,"pct":100}}
,"/home/runner/work/reactive/reactive/packages/core/src/actions/getTransactionCount.ts": {"lines":{"total":9,"covered":9,"skipped":0,"pct":100},"functions":{"total":1,"covered":1,"skipped":0,"pct":100},"statements":{"total":9,"covered":9,"skipped":0,"pct":100},"branches":{"total":2,"covered":2,"skipped":0,"pct":100}}
,"/home/runner/work/reactive/reactive/packages/core/src/actions/payForTransaction.ts": {"lines":{"total":40,"covered":27,"skipped":0,"pct":67.5},"functions":{"total":1,"covered":1,"skipped":0,"pct":100},"statements":{"total":40,"covered":27,"skipped":0,"pct":67.5},"branches":{"total":8,"covered":6,"skipped":0,"pct":75}}
,"/home/runner/work/reactive/reactive/packages/core/src/actions/preclaimName.ts": {"lines":{"total":37,"covered":11,"skipped":0,"pct":29.72},"functions":{"total":1,"covered":1,"skipped":0,"pct":100},"statements":{"total":37,"covered":11,"skipped":0,"pct":29.72},"branches":{"total":3,"covered":1,"skipped":0,"pct":33.33}}
,"/home/runner/work/reactive/reactive/packages/core/src/actions/readContract.ts": {"lines":{"total":11,"covered":11,"skipped":0,"pct":100},"functions":{"total":1,"covered":1,"skipped":0,"pct":100},"statements":{"total":11,"covered":11,"skipped":0,"pct":100},"branches":{"total":1,"covered":1,"skipped":0,"pct":100}}
,"/home/runner/work/reactive/reactive/packages/core/src/actions/readContracts.ts": {"lines":{"total":9,"covered":9,"skipped":0,"pct":100},"functions":{"total":1,"covered":1,"skipped":0,"pct":100},"statements":{"total":9,"covered":9,"skipped":0,"pct":100},"branches":{"total":2,"covered":2,"skipped":0,"pct":100}}
,"/home/runner/work/reactive/reactive/packages/core/src/actions/reconnect.ts": {"lines":{"total":98,"covered":1,"skipped":0,"pct":1.02},"functions":{"total":1,"covered":0,"skipped":0,"pct":0},"statements":{"total":98,"covered":1,"skipped":0,"pct":1.02},"branches":{"total":0,"covered":0,"skipped":0,"pct":100}}
,"/home/runner/work/reactive/reactive/packages/core/src/actions/resolveName.ts": {"lines":{"total":14,"covered":14,"skipped":0,"pct":100},"functions":{"total":1,"covered":1,"skipped":0,"pct":100},"statements":{"total":14,"covered":14,"skipped":0,"pct":100},"branches":{"total":7,"covered":6,"skipped":0,"pct":85.71}}
,"/home/runner/work/reactive/reactive/packages/core/src/actions/sendTransaction.ts": {"lines":{"total":12,"covered":12,"skipped":0,"pct":100},"functions":{"total":1,"covered":1,"skipped":0,"pct":100},"statements":{"total":12,"covered":12,"skipped":0,"pct":100},"branches":{"total":2,"covered":2,"skipped":0,"pct":100}}
,"/home/runner/work/reactive/reactive/packages/core/src/actions/signDelegation.ts": {"lines":{"total":26,"covered":26,"skipped":0,"pct":100},"functions":{"total":1,"covered":1,"skipped":0,"pct":100},"statements":{"total":26,"covered":26,"skipped":0,"pct":100},"branches":{"total":9,"covered":9,"skipped":0,"pct":100}}
,"/home/runner/work/reactive/reactive/packages/core/src/actions/signMessage.test-d.ts": {"lines":{"total":17,"covered":0,"skipped":0,"pct":0},"functions":{"total":1,"covered":0,"skipped":0,"pct":0},"statements":{"total":17,"covered":0,"skipped":0,"pct":0},"branches":{"total":1,"covered":0,"skipped":0,"pct":0}}
,"/home/runner/work/reactive/reactive/packages/core/src/actions/signMessage.ts": {"lines":{"total":16,"covered":14,"skipped":0,"pct":87.5},"functions":{"total":1,"covered":1,"skipped":0,"pct":100},"statements":{"total":16,"covered":14,"skipped":0,"pct":87.5},"branches":{"total":6,"covered":5,"skipped":0,"pct":83.33}}
,"/home/runner/work/reactive/reactive/packages/core/src/actions/signTransaction.ts": {"lines":{"total":24,"covered":22,"skipped":0,"pct":91.66},"functions":{"total":1,"covered":1,"skipped":0,"pct":100},"statements":{"total":24,"covered":22,"skipped":0,"pct":91.66},"branches":{"total":9,"covered":8,"skipped":0,"pct":88.88}}
,"/home/runner/work/reactive/reactive/packages/core/src/actions/signTypedData.ts": {"lines":{"total":22,"covered":22,"skipped":0,"pct":100},"functions":{"total":1,"covered":1,"skipped":0,"pct":100},"statements":{"total":22,"covered":22,"skipped":0,"pct":100},"branches":{"total":4,"covered":4,"skipped":0,"pct":100}}
,"/home/runner/work/reactive/reactive/packages/core/src/actions/simulateContract.ts": {"lines":{"total":40,"covered":34,"skipped":0,"pct":85},"functions":{"total":1,"covered":1,"skipped":0,"pct":100},"statements":{"total":40,"covered":34,"skipped":0,"pct":85},"branches":{"total":15,"covered":1,"skipped":0,"pct":6.66}}
,"/home/runner/work/reactive/reactive/packages/core/src/actions/spend.test-d.ts": {"lines":{"total":21,"covered":0,"skipped":0,"pct":0},"functions":{"total":1,"covered":0,"skipped":0,"pct":0},"statements":{"total":21,"covered":0,"skipped":0,"pct":0},"branches":{"total":1,"covered":0,"skipped":0,"pct":0}}
,"/home/runner/work/reactive/reactive/packages/core/src/actions/spend.ts": {"lines":{"total":46,"covered":44,"skipped":0,"pct":95.65},"functions":{"total":1,"covered":1,"skipped":0,"pct":100},"statements":{"total":46,"covered":44,"skipped":0,"pct":95.65},"branches":{"total":13,"covered":10,"skipped":0,"pct":76.92}}
,"/home/runner/work/reactive/reactive/packages/core/src/actions/switchActiveAccount.ts": {"lines":{"total":25,"covered":23,"skipped":0,"pct":92},"functions":{"total":1,"covered":1,"skipped":0,"pct":100},"statements":{"total":25,"covered":23,"skipped":0,"pct":92},"branches":{"total":8,"covered":7,"skipped":0,"pct":87.5}}
,"/home/runner/work/reactive/reactive/packages/core/src/actions/switchConnection.ts": {"lines":{"total":15,"covered":13,"skipped":0,"pct":86.66},"functions":{"total":1,"covered":1,"skipped":0,"pct":100},"statements":{"total":15,"covered":13,"skipped":0,"pct":86.66},"branches":{"total":2,"covered":2,"skipped":0,"pct":100}}
,"/home/runner/work/reactive/reactive/packages/core/src/actions/switchNetwork.ts": {"lines":{"total":19,"covered":10,"skipped":0,"pct":52.63},"functions":{"total":1,"covered":1,"skipped":0,"pct":100},"statements":{"total":19,"covered":10,"skipped":0,"pct":52.63},"branches":{"total":3,"covered":2,"skipped":0,"pct":66.66}}
,"/home/runner/work/reactive/reactive/packages/core/src/actions/transferFunds.ts": {"lines":{"total":71,"covered":42,"skipped":0,"pct":59.15},"functions":{"total":1,"covered":1,"skipped":0,"pct":100},"statements":{"total":71,"covered":42,"skipped":0,"pct":59.15},"branches":{"total":15,"covered":4,"skipped":0,"pct":26.66}}
,"/home/runner/work/reactive/reactive/packages/core/src/actions/updateName.ts": {"lines":{"total":34,"covered":16,"skipped":0,"pct":47.05},"functions":{"total":1,"covered":1,"skipped":0,"pct":100},"statements":{"total":34,"covered":16,"skipped":0,"pct":47.05},"branches":{"total":5,"covered":1,"skipped":0,"pct":20}}
,"/home/runner/work/reactive/reactive/packages/core/src/actions/verifyMessage.ts": {"lines":{"total":10,"covered":10,"skipped":0,"pct":100},"functions":{"total":1,"covered":1,"skipped":0,"pct":100},"statements":{"total":10,"covered":10,"skipped":0,"pct":100},"branches":{"total":3,"covered":3,"skipped":0,"pct":100}}
,"/home/runner/work/reactive/reactive/packages/core/src/actions/verifyTypedData.ts": {"lines":{"total":11,"covered":11,"skipped":0,"pct":100},"functions":{"total":1,"covered":1,"skipped":0,"pct":100},"statements":{"total":11,"covered":11,"skipped":0,"pct":100},"branches":{"total":3,"covered":3,"skipped":0,"pct":100}}
,"/home/runner/work/reactive/reactive/packages/core/src/actions/waitForTransaction.ts": {"lines":{"total":46,"covered":45,"skipped":0,"pct":97.82},"functions":{"total":2,"covered":2,"skipped":0,"pct":100},"statements":{"total":46,"covered":45,"skipped":0,"pct":97.82},"branches":{"total":15,"covered":14,"skipped":0,"pct":93.33}}
,"/home/runner/work/reactive/reactive/packages/core/src/actions/waitForTransactionConfirm.ts": {"lines":{"total":29,"covered":20,"skipped":0,"pct":68.96},"functions":{"total":2,"covered":1,"skipped":0,"pct":50},"statements":{"total":29,"covered":20,"skipped":0,"pct":68.96},"branches":{"total":7,"covered":4,"skipped":0,"pct":57.14}}
,"/home/runner/work/reactive/reactive/packages/core/src/actions/watchActiveAccount.ts": {"lines":{"total":21,"covered":21,"skipped":0,"pct":100},"functions":{"total":1,"covered":1,"skipped":0,"pct":100},"statements":{"total":21,"covered":21,"skipped":0,"pct":100},"branches":{"total":7,"covered":7,"skipped":0,"pct":100}}
,"/home/runner/work/reactive/reactive/packages/core/src/actions/watchConnection.ts": {"lines":{"total":7,"covered":7,"skipped":0,"pct":100},"functions":{"total":1,"covered":1,"skipped":0,"pct":100},"statements":{"total":7,"covered":7,"skipped":0,"pct":100},"branches":{"total":2,"covered":2,"skipped":0,"pct":100}}
,"/home/runner/work/reactive/reactive/packages/core/src/actions/watchConnections.ts": {"lines":{"total":7,"covered":7,"skipped":0,"pct":100},"functions":{"total":1,"covered":1,"skipped":0,"pct":100},"statements":{"total":7,"covered":7,"skipped":0,"pct":100},"branches":{"total":2,"covered":2,"skipped":0,"pct":100}}
,"/home/runner/work/reactive/reactive/packages/core/src/actions/watchConnectors.ts": {"lines":{"total":7,"covered":7,"skipped":0,"pct":100},"functions":{"total":1,"covered":1,"skipped":0,"pct":100},"statements":{"total":7,"covered":7,"skipped":0,"pct":100},"branches":{"total":1,"covered":1,"skipped":0,"pct":100}}
,"/home/runner/work/reactive/reactive/packages/core/src/actions/watchHeight.ts": {"lines":{"total":30,"covered":26,"skipped":0,"pct":86.66},"functions":{"total":2,"covered":2,"skipped":0,"pct":100},"statements":{"total":30,"covered":26,"skipped":0,"pct":86.66},"branches":{"total":8,"covered":4,"skipped":0,"pct":50}}
,"/home/runner/work/reactive/reactive/packages/core/src/actions/watchNetworkId.ts": {"lines":{"total":7,"covered":7,"skipped":0,"pct":100},"functions":{"total":1,"covered":1,"skipped":0,"pct":100},"statements":{"total":7,"covered":7,"skipped":0,"pct":100},"branches":{"total":2,"covered":2,"skipped":0,"pct":100}}
,"/home/runner/work/reactive/reactive/packages/core/src/actions/watchNodeClient.ts": {"lines":{"total":23,"covered":15,"skipped":0,"pct":65.21},"functions":{"total":2,"covered":1,"skipped":0,"pct":50},"statements":{"total":23,"covered":15,"skipped":0,"pct":65.21},"branches":{"total":2,"covered":2,"skipped":0,"pct":100}}
,"/home/runner/work/reactive/reactive/packages/core/src/actions/aens/bidName.ts": {"lines":{"total":32,"covered":20,"skipped":0,"pct":62.5},"functions":{"total":3,"covered":3,"skipped":0,"pct":100},"statements":{"total":32,"covered":20,"skipped":0,"pct":62.5},"branches":{"total":5,"covered":3,"skipped":0,"pct":60}}
,"/home/runner/work/reactive/reactive/packages/core/src/actions/aens/claimName.test-d.ts": {"lines":{"total":20,"covered":0,"skipped":0,"pct":0},"functions":{"total":1,"covered":0,"skipped":0,"pct":0},"statements":{"total":20,"covered":0,"skipped":0,"pct":0},"branches":{"total":1,"covered":0,"skipped":0,"pct":0}}
,"/home/runner/work/reactive/reactive/packages/core/src/actions/aens/claimName.ts": {"lines":{"total":34,"covered":22,"skipped":0,"pct":64.7},"functions":{"total":3,"covered":3,"skipped":0,"pct":100},"statements":{"total":34,"covered":22,"skipped":0,"pct":64.7},"branches":{"total":7,"covered":3,"skipped":0,"pct":42.85}}
,"/home/runner/work/reactive/reactive/packages/core/src/actions/aens/getNameEntry.ts": {"lines":{"total":17,"covered":17,"skipped":0,"pct":100},"functions":{"total":1,"covered":1,"skipped":0,"pct":100},"statements":{"total":17,"covered":17,"skipped":0,"pct":100},"branches":{"total":3,"covered":2,"skipped":0,"pct":66.66}}
,"/home/runner/work/reactive/reactive/packages/core/src/actions/aens/preclaimName.ts": {"lines":{"total":33,"covered":23,"skipped":0,"pct":69.69},"functions":{"total":3,"covered":3,"skipped":0,"pct":100},"statements":{"total":33,"covered":23,"skipped":0,"pct":69.69},"branches":{"total":5,"covered":3,"skipped":0,"pct":60}}
,"/home/runner/work/reactive/reactive/packages/core/src/actions/aens/resolveName.ts": {"lines":{"total":23,"covered":23,"skipped":0,"pct":100},"functions":{"total":3,"covered":3,"skipped":0,"pct":100},"statements":{"total":23,"covered":23,"skipped":0,"pct":100},"branches":{"total":7,"covered":7,"skipped":0,"pct":100}}
,"/home/runner/work/reactive/reactive/packages/core/src/actions/aens/revokeName.ts": {"lines":{"total":32,"covered":20,"skipped":0,"pct":62.5},"functions":{"total":3,"covered":3,"skipped":0,"pct":100},"statements":{"total":32,"covered":20,"skipped":0,"pct":62.5},"branches":{"total":5,"covered":3,"skipped":0,"pct":60}}
,"/home/runner/work/reactive/reactive/packages/core/src/actions/aens/transferName.ts": {"lines":{"total":35,"covered":21,"skipped":0,"pct":60},"functions":{"total":3,"covered":3,"skipped":0,"pct":100},"statements":{"total":35,"covered":21,"skipped":0,"pct":60},"branches":{"total":5,"covered":3,"skipped":0,"pct":60}}
,"/home/runner/work/reactive/reactive/packages/core/src/actions/aens/updateName.ts": {"lines":{"total":39,"covered":21,"skipped":0,"pct":53.84},"functions":{"total":3,"covered":3,"skipped":0,"pct":100},"statements":{"total":39,"covered":21,"skipped":0,"pct":53.84},"branches":{"total":5,"covered":3,"skipped":0,"pct":60}}
,"/home/runner/work/reactive/reactive/packages/core/src/actions/channel/channelContract.ts": {"lines":{"total":58,"covered":58,"skipped":0,"pct":100},"functions":{"total":3,"covered":3,"skipped":0,"pct":100},"statements":{"total":58,"covered":58,"skipped":0,"pct":100},"branches":{"total":7,"covered":3,"skipped":0,"pct":42.85}}
,"/home/runner/work/reactive/reactive/packages/core/src/actions/channel/channelDeposit.ts": {"lines":{"total":22,"covered":22,"skipped":0,"pct":100},"functions":{"total":1,"covered":1,"skipped":0,"pct":100},"statements":{"total":22,"covered":22,"skipped":0,"pct":100},"branches":{"total":1,"covered":1,"skipped":0,"pct":100}}
,"/home/runner/work/reactive/reactive/packages/core/src/actions/channel/channelTransfer.ts": {"lines":{"total":11,"covered":11,"skipped":0,"pct":100},"functions":{"total":1,"covered":1,"skipped":0,"pct":100},"statements":{"total":11,"covered":11,"skipped":0,"pct":100},"branches":{"total":1,"covered":1,"skipped":0,"pct":100}}
,"/home/runner/work/reactive/reactive/packages/core/src/actions/channel/channelWithdraw.ts": {"lines":{"total":22,"covered":22,"skipped":0,"pct":100},"functions":{"total":1,"covered":1,"skipped":0,"pct":100},"statements":{"total":22,"covered":22,"skipped":0,"pct":100},"branches":{"total":1,"covered":1,"skipped":0,"pct":100}}
,"/home/runner/work/reactive/reactive/packages/core/src/actions/channel/closeChannel.ts": {"lines":{"total":21,"covered":20,"skipped":0,"pct":95.23},"functions":{"total":3,"covered":3,"skipped":0,"pct":100},"statements":{"total":21,"covered":20,"skipped":0,"pct":95.23},"branches":{"total":5,"covered":3,"skipped":0,"pct":60}}
,"/home/runner/work/reactive/reactive/packages/core/src/actions/channel/openChannel.test-d.ts": {"lines":{"total":27,"covered":0,"skipped":0,"pct":0},"functions":{"total":1,"covered":0,"skipped":0,"pct":0},"statements":{"total":27,"covered":0,"skipped":0,"pct":0},"branches":{"total":1,"covered":0,"skipped":0,"pct":0}}
,"/home/runner/work/reactive/reactive/packages/core/src/actions/channel/openChannel.ts": {"lines":{"total":53,"covered":8,"skipped":0,"pct":15.09},"functions":{"total":3,"covered":2,"skipped":0,"pct":66.66},"statements":{"total":53,"covered":8,"skipped":0,"pct":15.09},"branches":{"total":2,"covered":2,"skipped":0,"pct":100}}
,"/home/runner/work/reactive/reactive/packages/core/src/actions/ga/buildAuthTxHash.ts": {"lines":{"total":14,"covered":14,"skipped":0,"pct":100},"functions":{"total":1,"covered":1,"skipped":0,"pct":100},"statements":{"total":14,"covered":14,"skipped":0,"pct":100},"branches":{"total":3,"covered":1,"skipped":0,"pct":33.33}}
,"/home/runner/work/reactive/reactive/packages/core/src/actions/ga/createGeneralizedAccount.test-d.ts": {"lines":{"total":30,"covered":0,"skipped":0,"pct":0},"functions":{"total":1,"covered":0,"skipped":0,"pct":0},"statements":{"total":30,"covered":0,"skipped":0,"pct":0},"branches":{"total":1,"covered":0,"skipped":0,"pct":0}}
,"/home/runner/work/reactive/reactive/packages/core/src/actions/ga/createGeneralizedAccount.ts": {"lines":{"total":47,"covered":32,"skipped":0,"pct":68.08},"functions":{"total":5,"covered":5,"skipped":0,"pct":100},"statements":{"total":47,"covered":32,"skipped":0,"pct":68.08},"branches":{"total":14,"covered":7,"skipped":0,"pct":50}}
,"/home/runner/work/reactive/reactive/packages/core/src/actions/oracle/extendOracle.ts": {"lines":{"total":36,"covered":20,"skipped":0,"pct":55.55},"functions":{"total":3,"covered":3,"skipped":0,"pct":100},"statements":{"total":36,"covered":20,"skipped":0,"pct":55.55},"branches":{"total":5,"covered":3,"skipped":0,"pct":60}}
,"/home/runner/work/reactive/reactive/packages/core/src/actions/oracle/getOracleQueries.ts": {"lines":{"total":17,"covered":17,"skipped":0,"pct":100},"functions":{"total":1,"covered":1,"skipped":0,"pct":100},"statements":{"total":17,"covered":17,"skipped":0,"pct":100},"branches":{"total":2,"covered":2,"skipped":0,"pct":100}}
,"/home/runner/work/reactive/reactive/packages/core/src/actions/oracle/getOracleState.ts": {"lines":{"total":16,"covered":16,"skipped":0,"pct":100},"functions":{"total":1,"covered":1,"skipped":0,"pct":100},"statements":{"total":16,"covered":16,"skipped":0,"pct":100},"branches":{"total":1,"covered":1,"skipped":0,"pct":100}}
,"/home/runner/work/reactive/reactive/packages/core/src/actions/oracle/queryOracle.ts": {"lines":{"total":37,"covered":27,"skipped":0,"pct":72.97},"functions":{"total":3,"covered":3,"skipped":0,"pct":100},"statements":{"total":37,"covered":27,"skipped":0,"pct":72.97},"branches":{"total":11,"covered":3,"skipped":0,"pct":27.27}}
,"/home/runner/work/reactive/reactive/packages/core/src/actions/oracle/registerOracle.test-d.ts": {"lines":{"total":22,"covered":0,"skipped":0,"pct":0},"functions":{"total":1,"covered":0,"skipped":0,"pct":0},"statements":{"total":22,"covered":0,"skipped":0,"pct":0},"branches":{"total":1,"covered":0,"skipped":0,"pct":0}}
,"/home/runner/work/reactive/reactive/packages/core/src/actions/oracle/registerOracle.ts": {"lines":{"total":50,"covered":28,"skipped":0,"pct":56},"functions":{"total":3,"covered":3,"skipped":0,"pct":100},"statements":{"total":50,"covered":28,"skipped":0,"pct":56},"branches":{"total":13,"covered":3,"skipped":0,"pct":23.07}}
,"/home/runner/work/reactive/reactive/packages/core/src/actions/oracle/respondToQuery.ts": {"lines":{"total":32,"covered":24,"skipped":0,"pct":75},"functions":{"total":3,"covered":3,"skipped":0,"pct":100},"statements":{"total":32,"covered":24,"skipped":0,"pct":75},"branches":{"total":7,"covered":3,"skipped":0,"pct":42.85}}
,"/home/runner/work/reactive/reactive/packages/core/src/connectors/createConnector.ts": {"lines":{"total":4,"covered":4,"skipped":0,"pct":100},"functions":{"total":1,"covered":1,"skipped":0,"pct":100},"statements":{"total":4,"covered":4,"skipped":0,"pct":100},"branches":{"total":1,"covered":1,"skipped":0,"pct":100}}
,"/home/runner/work/reactive/reactive/packages/core/src/connectors/memory.ts": {"lines":{"total":71,"covered":55,"skipped":0,"pct":77.46},"functions":{"total":14,"covered":9,"skipped":0,"pct":64.28},"statements":{"total":71,"covered":55,"skipped":0,"pct":77.46},"branches":{"total":23,"covered":21,"skipped":0,"pct":91.3}}
,"/home/runner/work/reactive/reactive/packages/core/src/connectors/mock.ts": {"lines":{"total":99,"covered":86,"skipped":0,"pct":86.86},"functions":{"total":15,"covered":14,"skipped":0,"pct":93.33},"statements":{"total":99,"covered":86,"skipped":0,"pct":86.86},"branches":{"total":40,"covered":40,"skipped":0,"pct":100}}
,"/home/runner/work/reactive/reactive/packages/core/src/errors/account.ts": {"lines":{"total":17,"covered":12,"skipped":0,"pct":70.58},"functions":{"total":3,"covered":2,"skipped":0,"pct":66.66},"statements":{"total":17,"covered":12,"skipped":0,"pct":70.58},"branches":{"total":3,"covered":2,"skipped":0,"pct":66.66}}
,"/home/runner/work/reactive/reactive/packages/core/src/errors/base.ts": {"lines":{"total":38,"covered":38,"skipped":0,"pct":100},"functions":{"total":5,"covered":5,"skipped":0,"pct":100},"statements":{"total":38,"covered":38,"skipped":0,"pct":100},"branches":{"total":21,"covered":21,"skipped":0,"pct":100}}
,"/home/runner/work/reactive/reactive/packages/core/src/errors/config.ts": {"lines":{"total":36,"covered":26,"skipped":0,"pct":72.22},"functions":{"total":9,"covered":8,"skipped":0,"pct":88.88},"statements":{"total":36,"covered":26,"skipped":0,"pct":72.22},"branches":{"total":9,"covered":8,"skipped":0,"pct":88.88}}
,"/home/runner/work/reactive/reactive/packages/core/src/errors/connector.ts": {"lines":{"total":15,"covered":8,"skipped":0,"pct":53.33},"functions":{"total":3,"covered":2,"skipped":0,"pct":66.66},"statements":{"total":15,"covered":8,"skipped":0,"pct":53.33},"branches":{"total":3,"covered":2,"skipped":0,"pct":66.66}}
,"/home/runner/work/reactive/reactive/packages/core/src/errors/node.ts": {"lines":{"total":22,"covered":3,"skipped":0,"pct":13.63},"functions":{"total":2,"covered":0,"skipped":0,"pct":0},"statements":{"total":22,"covered":3,"skipped":0,"pct":13.63},"branches":{"total":2,"covered":0,"skipped":0,"pct":0}}
,"/home/runner/work/reactive/reactive/packages/core/src/query/bidName.ts": {"lines":{"total":9,"covered":7,"skipped":0,"pct":77.77},"functions":{"total":2,"covered":1,"skipped":0,"pct":50},"statements":{"total":9,"covered":7,"skipped":0,"pct":77.77},"branches":{"total":1,"covered":1,"skipped":0,"pct":100}}
,"/home/runner/work/reactive/reactive/packages/core/src/query/buildAuthTxHash.ts": {"lines":{"total":9,"covered":7,"skipped":0,"pct":77.77},"functions":{"total":2,"covered":1,"skipped":0,"pct":50},"statements":{"total":9,"covered":7,"skipped":0,"pct":77.77},"branches":{"total":1,"covered":1,"skipped":0,"pct":100}}
,"/home/runner/work/reactive/reactive/packages/core/src/query/buildTransaction.ts": {"lines":{"total":9,"covered":7,"skipped":0,"pct":77.77},"functions":{"total":2,"covered":1,"skipped":0,"pct":50},"statements":{"total":9,"covered":7,"skipped":0,"pct":77.77},"branches":{"total":1,"covered":1,"skipped":0,"pct":100}}
,"/home/runner/work/reactive/reactive/packages/core/src/query/callContract.ts": {"lines":{"total":9,"covered":2,"skipped":0,"pct":22.22},"functions":{"total":1,"covered":0,"skipped":0,"pct":0},"statements":{"total":9,"covered":2,"skipped":0,"pct":22.22},"branches":{"total":0,"covered":0,"skipped":0,"pct":100}}
,"/home/runner/work/reactive/reactive/packages/core/src/query/channelContract.ts": {"lines":{"total":25,"covered":19,"skipped":0,"pct":76},"functions":{"total":6,"covered":3,"skipped":0,"pct":50},"statements":{"total":25,"covered":19,"skipped":0,"pct":76},"branches":{"total":3,"covered":3,"skipped":0,"pct":100}}
,"/home/runner/work/reactive/reactive/packages/core/src/query/channelDeposit.ts": {"lines":{"total":9,"covered":7,"skipped":0,"pct":77.77},"functions":{"total":2,"covered":1,"skipped":0,"pct":50},"statements":{"total":9,"covered":7,"skipped":0,"pct":77.77},"branches":{"total":1,"covered":1,"skipped":0,"pct":100}}
,"/home/runner/work/reactive/reactive/packages/core/src/query/channelTransfer.ts": {"lines":{"total":9,"covered":7,"skipped":0,"pct":77.77},"functions":{"total":2,"covered":1,"skipped":0,"pct":50},"statements":{"total":9,"covered":7,"skipped":0,"pct":77.77},"branches":{"total":1,"covered":1,"skipped":0,"pct":100}}
,"/home/runner/work/reactive/reactive/packages/core/src/query/channelWithdraw.ts": {"lines":{"total":9,"covered":7,"skipped":0,"pct":77.77},"functions":{"total":2,"covered":1,"skipped":0,"pct":50},"statements":{"total":9,"covered":7,"skipped":0,"pct":77.77},"branches":{"total":1,"covered":1,"skipped":0,"pct":100}}
,"/home/runner/work/reactive/reactive/packages/core/src/query/claimName.ts": {"lines":{"total":9,"covered":2,"skipped":0,"pct":22.22},"functions":{"total":1,"covered":0,"skipped":0,"pct":0},"statements":{"total":9,"covered":2,"skipped":0,"pct":22.22},"branches":{"total":0,"covered":0,"skipped":0,"pct":100}}
,"/home/runner/work/reactive/reactive/packages/core/src/query/closeChannel.ts": {"lines":{"total":9,"covered":7,"skipped":0,"pct":77.77},"functions":{"total":2,"covered":1,"skipped":0,"pct":50},"statements":{"total":9,"covered":7,"skipped":0,"pct":77.77},"branches":{"total":1,"covered":1,"skipped":0,"pct":100}}
,"/home/runner/work/reactive/reactive/packages/core/src/query/compileContract.ts": {"lines":{"total":9,"covered":2,"skipped":0,"pct":22.22},"functions":{"total":1,"covered":0,"skipped":0,"pct":0},"statements":{"total":9,"covered":2,"skipped":0,"pct":22.22},"branches":{"total":0,"covered":0,"skipped":0,"pct":100}}
,"/home/runner/work/reactive/reactive/packages/core/src/query/connect.ts": {"lines":{"total":9,"covered":7,"skipped":0,"pct":77.77},"functions":{"total":2,"covered":1,"skipped":0,"pct":50},"statements":{"total":9,"covered":7,"skipped":0,"pct":77.77},"branches":{"total":1,"covered":1,"skipped":0,"pct":100}}
,"/home/runner/work/reactive/reactive/packages/core/src/query/createGeneralizedAccount.ts": {"lines":{"total":9,"covered":7,"skipped":0,"pct":77.77},"functions":{"total":2,"covered":1,"skipped":0,"pct":50},"statements":{"total":9,"covered":7,"skipped":0,"pct":77.77},"branches":{"total":1,"covered":1,"skipped":0,"pct":100}}
,"/home/runner/work/reactive/reactive/packages/core/src/query/deployContract.ts": {"lines":{"total":9,"covered":2,"skipped":0,"pct":22.22},"functions":{"total":1,"covered":0,"skipped":0,"pct":0},"statements":{"total":9,"covered":2,"skipped":0,"pct":22.22},"branches":{"total":0,"covered":0,"skipped":0,"pct":100}}
,"/home/runner/work/reactive/reactive/packages/core/src/query/disconnect.ts": {"lines":{"total":9,"covered":2,"skipped":0,"pct":22.22},"functions":{"total":1,"covered":0,"skipped":0,"pct":0},"statements":{"total":9,"covered":2,"skipped":0,"pct":22.22},"branches":{"total":0,"covered":0,"skipped":0,"pct":100}}
,"/home/runner/work/reactive/reactive/packages/core/src/query/estimateGas.ts": {"lines":{"total":18,"covered":14,"skipped":0,"pct":77.77},"functions":{"total":3,"covered":2,"skipped":0,"pct":66.66},"statements":{"total":18,"covered":14,"skipped":0,"pct":77.77},"branches":{"total":2,"covered":2,"skipped":0,"pct":100}}
,"/home/runner/work/reactive/reactive/packages/core/src/query/extendOracle.ts": {"lines":{"total":9,"covered":7,"skipped":0,"pct":77.77},"functions":{"total":2,"covered":1,"skipped":0,"pct":50},"statements":{"total":9,"covered":7,"skipped":0,"pct":77.77},"branches":{"total":1,"covered":1,"skipped":0,"pct":100}}
,"/home/runner/work/reactive/reactive/packages/core/src/query/getAccount.ts": {"lines":{"total":17,"covered":3,"skipped":0,"pct":17.64},"functions":{"total":2,"covered":0,"skipped":0,"pct":0},"statements":{"total":17,"covered":3,"skipped":0,"pct":17.64},"branches":{"total":0,"covered":0,"skipped":0,"pct":100}}
,"/home/runner/work/reactive/reactive/packages/core/src/query/getBalance.test-d.ts": {"lines":{"total":24,"covered":0,"skipped":0,"pct":0},"functions":{"total":1,"covered":0,"skipped":0,"pct":0},"statements":{"total":24,"covered":0,"skipped":0,"pct":0},"branches":{"total":1,"covered":0,"skipped":0,"pct":0}}
,"/home/runner/work/reactive/reactive/packages/core/src/query/getBalance.ts": {"lines":{"total":17,"covered":14,"skipped":0,"pct":82.35},"functions":{"total":3,"covered":2,"skipped":0,"pct":66.66},"statements":{"total":17,"covered":14,"skipped":0,"pct":82.35},"branches":{"total":2,"covered":2,"skipped":0,"pct":100}}
,"/home/runner/work/reactive/reactive/packages/core/src/query/getBlock.ts": {"lines":{"total":15,"covered":3,"skipped":0,"pct":20},"functions":{"total":2,"covered":0,"skipped":0,"pct":0},"statements":{"total":15,"covered":3,"skipped":0,"pct":20},"branches":{"total":0,"covered":0,"skipped":0,"pct":100}}
,"/home/runner/work/reactive/reactive/packages/core/src/query/getContractBytecode.ts": {"lines":{"total":22,"covered":3,"skipped":0,"pct":13.63},"functions":{"total":2,"covered":0,"skipped":0,"pct":0},"statements":{"total":22,"covered":3,"skipped":0,"pct":13.63},"branches":{"total":0,"covered":0,"skipped":0,"pct":100}}
,"/home/runner/work/reactive/reactive/packages/core/src/query/getContractEvents.ts": {"lines":{"total":19,"covered":3,"skipped":0,"pct":15.78},"functions":{"total":2,"covered":0,"skipped":0,"pct":0},"statements":{"total":19,"covered":3,"skipped":0,"pct":15.78},"branches":{"total":0,"covered":0,"skipped":0,"pct":100}}
,"/home/runner/work/reactive/reactive/packages/core/src/query/getHeight.ts": {"lines":{"total":15,"covered":3,"skipped":0,"pct":20},"functions":{"total":2,"covered":0,"skipped":0,"pct":0},"statements":{"total":15,"covered":3,"skipped":0,"pct":20},"branches":{"total":0,"covered":0,"skipped":0,"pct":100}}
,"/home/runner/work/reactive/reactive/packages/core/src/query/getMicroBlock.ts": {"lines":{"total":17,"covered":3,"skipped":0,"pct":17.64},"functions":{"total":2,"covered":0,"skipped":0,"pct":0},"statements":{"total":17,"covered":3,"skipped":0,"pct":17.64},"branches":{"total":0,"covered":0,"skipped":0,"pct":100}}
,"/home/runner/work/reactive/reactive/packages/core/src/query/getNameEntry.ts": {"lines":{"total":17,"covered":3,"skipped":0,"pct":17.64},"functions":{"total":2,"covered":0,"skipped":0,"pct":0},"statements":{"total":17,"covered":3,"skipped":0,"pct":17.64},"branches":{"total":0,"covered":0,"skipped":0,"pct":100}}
,"/home/runner/work/reactive/reactive/packages/core/src/query/getOracleQueries.ts": {"lines":{"total":17,"covered":3,"skipped":0,"pct":17.64},"functions":{"total":2,"covered":0,"skipped":0,"pct":0},"statements":{"total":17,"covered":3,"skipped":0,"pct":17.64},"branches":{"total":0,"covered":0,"skipped":0,"pct":100}}
,"/home/runner/work/reactive/reactive/packages/core/src/query/getOracleState.ts": {"lines":{"total":17,"covered":3,"skipped":0,"pct":17.64},"functions":{"total":2,"covered":0,"skipped":0,"pct":0},"statements":{"total":17,"covered":3,"skipped":0,"pct":17.64},"branches":{"total":0,"covered":0,"skipped":0,"pct":100}}
,"/home/runner/work/reactive/reactive/packages/core/src/query/getTransaction.ts": {"lines":{"total":17,"covered":3,"skipped":0,"pct":17.64},"functions":{"total":2,"covered":0,"skipped":0,"pct":0},"statements":{"total":17,"covered":3,"skipped":0,"pct":17.64},"branches":{"total":0,"covered":0,"skipped":0,"pct":100}}
,"/home/runner/work/reactive/reactive/packages/core/src/query/getTransactionCount.ts": {"lines":{"total":22,"covered":3,"skipped":0,"pct":13.63},"functions":{"total":2,"covered":0,"skipped":0,"pct":0},"statements":{"total":22,"covered":3,"skipped":0,"pct":13.63},"branches":{"total":0,"covered":0,"skipped":0,"pct":100}}
,"/home/runner/work/reactive/reactive/packages/core/src/query/hashFn.ts": {"lines":{"total":25,"covered":25,"skipped":0,"pct":100},"functions":{"total":3,"covered":3,"skipped":0,"pct":100},"statements":{"total":25,"covered":25,"skipped":0,"pct":100},"branches":{"total":17,"covered":13,"skipped":0,"pct":76.47}}
,"/home/runner/work/reactive/reactive/packages/core/src/query/openChannel.ts": {"lines":{"total":9,"covered":7,"skipped":0,"pct":77.77},"functions":{"total":2,"covered":1,"skipped":0,"pct":50},"statements":{"total":9,"covered":7,"skipped":0,"pct":77.77},"branches":{"total":1,"covered":1,"skipped":0,"pct":100}}
,"/home/runner/work/reactive/reactive/packages/core/src/query/payForTransaction.ts": {"lines":{"total":9,"covered":7,"skipped":0,"pct":77.77},"functions":{"total":2,"covered":1,"skipped":0,"pct":50},"statements":{"total":9,"covered":7,"skipped":0,"pct":77.77},"branches":{"total":1,"covered":1,"skipped":0,"pct":100}}
,"/home/runner/work/reactive/reactive/packages/core/src/query/preclaimName.ts": {"lines":{"total":9,"covered":2,"skipped":0,"pct":22.22},"functions":{"total":1,"covered":0,"skipped":0,"pct":0},"statements":{"total":9,"covered":2,"skipped":0,"pct":22.22},"branches":{"total":0,"covered":0,"skipped":0,"pct":100}}
,"/home/runner/work/reactive/reactive/packages/core/src/query/queryOracle.ts": {"lines":{"total":9,"covered":7,"skipped":0,"pct":77.77},"functions":{"total":2,"covered":1,"skipped":0,"pct":50},"statements":{"total":9,"covered":7,"skipped":0,"pct":77.77},"branches":{"total":1,"covered":1,"skipped":0,"pct":100}}
,"/home/runner/work/reactive/reactive/packages/core/src/query/readContract.ts": {"lines":{"total":19,"covered":3,"skipped":0,"pct":15.78},"functions":{"total":2,"covered":0,"skipped":0,"pct":0},"statements":{"total":19,"covered":3,"skipped":0,"pct":15.78},"branches":{"total":0,"covered":0,"skipped":0,"pct":100}}
,"/home/runner/work/reactive/reactive/packages/core/src/query/readContracts.ts": {"lines":{"total":17,"covered":3,"skipped":0,"pct":17.64},"functions":{"total":2,"covered":0,"skipped":0,"pct":0},"statements":{"total":17,"covered":3,"skipped":0,"pct":17.64},"branches":{"total":0,"covered":0,"skipped":0,"pct":100}}
,"/home/runner/work/reactive/reactive/packages/core/src/query/reconnect.ts": {"lines":{"total":9,"covered":2,"skipped":0,"pct":22.22},"functions":{"total":1,"covered":0,"skipped":0,"pct":0},"statements":{"total":9,"covered":2,"skipped":0,"pct":22.22},"branches":{"total":0,"covered":0,"skipped":0,"pct":100}}
,"/home/runner/work/reactive/reactive/packages/core/src/query/registerOracle.ts": {"lines":{"total":9,"covered":7,"skipped":0,"pct":77.77},"functions":{"total":2,"covered":1,"skipped":0,"pct":50},"statements":{"total":9,"covered":7,"skipped":0,"pct":77.77},"branches":{"total":1,"covered":1,"skipped":0,"pct":100}}
,"/home/runner/work/reactive/reactive/packages/core/src/query/resolveName.ts": {"lines":{"total":17,"covered":3,"skipped":0,"pct":17.64},"functions":{"total":2,"covered":0,"skipped":0,"pct":0},"statements":{"total":17,"covered":3,"skipped":0,"pct":17.64},"branches":{"total":0,"covered":0,"skipped":0,"pct":100}}
,"/home/runner/work/reactive/reactive/packages/core/src/query/respondToQuery.ts": {"lines":{"total":9,"covered":7,"skipped":0,"pct":77.77},"functions":{"total":2,"covered":1,"skipped":0,"pct":50},"statements":{"total":9,"covered":7,"skipped":0,"pct":77.77},"branches":{"total":1,"covered":1,"skipped":0,"pct":100}}
,"/home/runner/work/reactive/reactive/packages/core/src/query/revokeName.ts": {"lines":{"total":9,"covered":7,"skipped":0,"pct":77.77},"functions":{"total":2,"covered":1,"skipped":0,"pct":50},"statements":{"total":9,"covered":7,"skipped":0,"pct":77.77},"branches":{"total":1,"covered":1,"skipped":0,"pct":100}}
,"/home/runner/work/reactive/reactive/packages/core/src/query/sendTransaction.ts": {"lines":{"total":9,"covered":2,"skipped":0,"pct":22.22},"functions":{"total":1,"covered":0,"skipped":0,"pct":0},"statements":{"total":9,"covered":2,"skipped":0,"pct":22.22},"branches":{"total":0,"covered":0,"skipped":0,"pct":100}}
,"/home/runner/work/reactive/reactive/packages/core/src/query/signDelegation.ts": {"lines":{"total":9,"covered":7,"skipped":0,"pct":77.77},"functions":{"total":2,"covered":1,"skipped":0,"pct":50},"statements":{"total":9,"covered":7,"skipped":0,"pct":77.77},"branches":{"total":1,"covered":1,"skipped":0,"pct":100}}
,"/home/runner/work/reactive/reactive/packages/core/src/query/signMessage.ts": {"lines":{"total":9,"covered":2,"skipped":0,"pct":22.22},"functions":{"total":1,"covered":0,"skipped":0,"pct":0},"statements":{"total":9,"covered":2,"skipped":0,"pct":22.22},"branches":{"total":0,"covered":0,"skipped":0,"pct":100}}
,"/home/runner/work/reactive/reactive/packages/core/src/query/signTransaction.ts": {"lines":{"total":9,"covered":7,"skipped":0,"pct":77.77},"functions":{"total":2,"covered":1,"skipped":0,"pct":50},"statements":{"total":9,"covered":7,"skipped":0,"pct":77.77},"branches":{"total":1,"covered":1,"skipped":0,"pct":100}}
,"/home/runner/work/reactive/reactive/packages/core/src/query/signTypedData.ts": {"lines":{"total":9,"covered":2,"skipped":0,"pct":22.22},"functions":{"total":1,"covered":0,"skipped":0,"pct":0},"statements":{"total":9,"covered":2,"skipped":0,"pct":22.22},"branches":{"total":0,"covered":0,"skipped":0,"pct":100}}
,"/home/runner/work/reactive/reactive/packages/core/src/query/simulateContract.ts": {"lines":{"total":19,"covered":3,"skipped":0,"pct":15.78},"functions":{"total":2,"covered":0,"skipped":0,"pct":0},"statements":{"total":19,"covered":3,"skipped":0,"pct":15.78},"branches":{"total":0,"covered":0,"skipped":0,"pct":100}}
,"/home/runner/work/reactive/reactive/packages/core/src/query/spend.test-d.ts": {"lines":{"total":11,"covered":0,"skipped":0,"pct":0},"functions":{"total":1,"covered":0,"skipped":0,"pct":0},"statements":{"total":11,"covered":0,"skipped":0,"pct":0},"branches":{"total":1,"covered":0,"skipped":0,"pct":0}}
,"/home/runner/work/reactive/reactive/packages/core/src/query/spend.ts": {"lines":{"total":9,"covered":2,"skipped":0,"pct":22.22},"functions":{"total":1,"covered":0,"skipped":0,"pct":0},"statements":{"total":9,"covered":2,"skipped":0,"pct":22.22},"branches":{"total":0,"covered":0,"skipped":0,"pct":100}}
,"/home/runner/work/reactive/reactive/packages/core/src/query/switchNetwork.ts": {"lines":{"total":9,"covered":2,"skipped":0,"pct":22.22},"functions":{"total":1,"covered":0,"skipped":0,"pct":0},"statements":{"total":9,"covered":2,"skipped":0,"pct":22.22},"branches":{"total":0,"covered":0,"skipped":0,"pct":100}}
,"/home/runner/work/reactive/reactive/packages/core/src/query/transferFunds.ts": {"lines":{"total":9,"covered":7,"skipped":0,"pct":77.77},"functions":{"total":2,"covered":1,"skipped":0,"pct":50},"statements":{"total":9,"covered":7,"skipped":0,"pct":77.77},"branches":{"total":1,"covered":1,"skipped":0,"pct":100}}
,"/home/runner/work/reactive/reactive/packages/core/src/query/transferName.ts": {"lines":{"total":9,"covered":7,"skipped":0,"pct":77.77},"functions":{"total":2,"covered":1,"skipped":0,"pct":50},"statements":{"total":9,"covered":7,"skipped":0,"pct":77.77},"branches":{"total":1,"covered":1,"skipped":0,"pct":100}}
,"/home/runner/work/reactive/reactive/packages/core/src/query/updateName.ts": {"lines":{"total":9,"covered":2,"skipped":0,"pct":22.22},"functions":{"total":1,"covered":0,"skipped":0,"pct":0},"statements":{"total":9,"covered":2,"skipped":0,"pct":22.22},"branches":{"total":0,"covered":0,"skipped":0,"pct":100}}
,"/home/runner/work/reactive/reactive/packages/core/src/query/verifyMessage.ts": {"lines":{"total":9,"covered":7,"skipped":0,"pct":77.77},"functions":{"total":2,"covered":1,"skipped":0,"pct":50},"statements":{"total":9,"covered":7,"skipped":0,"pct":77.77},"branches":{"total":1,"covered":1,"skipped":0,"pct":100}}
,"/home/runner/work/reactive/reactive/packages/core/src/query/verifyTypedData.ts": {"lines":{"total":9,"covered":7,"skipped":0,"pct":77.77},"functions":{"total":2,"covered":1,"skipped":0,"pct":50},"statements":{"total":9,"covered":7,"skipped":0,"pct":77.77},"branches":{"total":1,"covered":1,"skipped":0,"pct":100}}
,"/home/runner/work/reactive/reactive/packages/core/src/query/waitForTransaction.ts": {"lines":{"total":19,"covered":3,"skipped":0,"pct":15.78},"functions":{"total":2,"covered":0,"skipped":0,"pct":0},"statements":{"total":19,"covered":3,"skipped":0,"pct":15.78},"branches":{"total":0,"covered":0,"skipped":0,"pct":100}}
,"/home/runner/work/reactive/reactive/packages/core/src/query/waitForTransactionConfirm.ts": {"lines":{"total":22,"covered":16,"skipped":0,"pct":72.72},"functions":{"total":3,"covered":2,"skipped":0,"pct":66.66},"statements":{"total":22,"covered":16,"skipped":0,"pct":72.72},"branches":{"total":2,"covered":2,"skipped":0,"pct":100}}
,"/home/runner/work/reactive/reactive/packages/core/src/types/network.test-d.ts": {"lines":{"total":26,"covered":0,"skipped":0,"pct":0},"functions":{"total":1,"covered":0,"skipped":0,"pct":0},"statements":{"total":26,"covered":0,"skipped":0,"pct":0},"branches":{"total":1,"covered":0,"skipped":0,"pct":0}}
,"/home/runner/work/reactive/reactive/packages/core/src/types/network.ts": {"lines":{"total":13,"covered":13,"skipped":0,"pct":100},"functions":{"total":0,"covered":0,"skipped":0,"pct":100},"statements":{"total":13,"covered":13,"skipped":0,"pct":100},"branches":{"total":0,"covered":0,"skipped":0,"pct":100}}
,"/home/runner/work/reactive/reactive/packages/core/src/types/properties.ts": {"lines":{"total":0,"covered":0,"skipped":0,"pct":100},"functions":{"total":1,"covered":1,"skipped":0,"pct":100},"statements":{"total":0,"covered":0,"skipped":0,"pct":100},"branches":{"total":1,"covered":1,"skipped":0,"pct":100}}
,"/home/runner/work/reactive/reactive/packages/core/src/types/query.ts": {"lines":{"total":0,"covered":0,"skipped":0,"pct":100},"functions":{"total":1,"covered":1,"skipped":0,"pct":100},"statements":{"total":0,"covered":0,"skipped":0,"pct":100},"branches":{"total":1,"covered":1,"skipped":0,"pct":100}}
,"/home/runner/work/reactive/reactive/packages/core/src/types/register.ts": {"lines":{"total":0,"covered":0,"skipped":0,"pct":100},"functions":{"total":1,"covered":1,"skipped":0,"pct":100},"statements":{"total":0,"covered":0,"skipped":0,"pct":100},"branches":{"total":1,"covered":1,"skipped":0,"pct":100}}
,"/home/runner/work/reactive/reactive/packages/core/src/types/utils.test-d.ts": {"lines":{"total":16,"covered":0,"skipped":0,"pct":0},"functions":{"total":1,"covered":0,"skipped":0,"pct":0},"statements":{"total":16,"covered":0,"skipped":0,"pct":0},"branches":{"total":1,"covered":0,"skipped":0,"pct":0}}
,"/home/runner/work/reactive/reactive/packages/core/src/types/utils.ts": {"lines":{"total":0,"covered":0,"skipped":0,"pct":100},"functions":{"total":1,"covered":1,"skipped":0,"pct":100},"statements":{"total":0,"covered":0,"skipped":0,"pct":100},"branches":{"total":1,"covered":1,"skipped":0,"pct":100}}
,"/home/runner/work/reactive/reactive/packages/core/src/utils/deepEqual.ts": {"lines":{"total":46,"covered":46,"skipped":0,"pct":100},"functions":{"total":1,"covered":1,"skipped":0,"pct":100},"statements":{"total":46,"covered":46,"skipped":0,"pct":100},"branches":{"total":44,"covered":42,"skipped":0,"pct":95.45}}
,"/home/runner/work/reactive/reactive/packages/core/src/utils/deserialize.ts": {"lines":{"total":8,"covered":8,"skipped":0,"pct":100},"functions":{"total":1,"covered":1,"skipped":0,"pct":100},"statements":{"total":8,"covered":8,"skipped":0,"pct":100},"branches":{"total":5,"covered":4,"skipped":0,"pct":80}}
,"/home/runner/work/reactive/reactive/packages/core/src/utils/encoding.ts": {"lines":{"total":13,"covered":13,"skipped":0,"pct":100},"functions":{"total":4,"covered":4,"skipped":0,"pct":100},"statements":{"total":13,"covered":13,"skipped":0,"pct":100},"branches":{"total":4,"covered":4,"skipped":0,"pct":100}}
,"/home/runner/work/reactive/reactive/packages/core/src/utils/formatAmount.ts": {"lines":{"total":44,"covered":44,"skipped":0,"pct":100},"functions":{"total":3,"covered":3,"skipped":0,"pct":100},"statements":{"total":44,"covered":44,"skipped":0,"pct":100},"branches":{"total":24,"covered":23,"skipped":0,"pct":95.83}}
,"/home/runner/work/reactive/reactive/packages/core/src/utils/getAction.ts": {"lines":{"total":13,"covered":0,"skipped":0,"pct":0},"functions":{"total":1,"covered":1,"skipped":0,"pct":100},"statements":{"total":13,"covered":0,"skipped":0,"pct":0},"branches":{"total":1,"covered":1,"skipped":0,"pct":100}}
,"/home/runner/work/reactive/reactive/packages/core/src/utils/getVersion.ts": {"lines":{"total":2,"covered":2,"skipped":0,"pct":100},"functions":{"total":1,"covered":1,"skipped":0,"pct":100},"statements":{"total":2,"covered":2,"skipped":0,"pct":100},"branches":{"total":1,"covered":1,"skipped":0,"pct":100}}
,"/home/runner/work/reactive/reactive/packages/core/src/utils/serialize.ts": {"lines":{"total":69,"covered":57,"skipped":0,"pct":82.6},"functions":{"total":5,"covered":4,"skipped":0,"pct":80},"statements":{"total":69,"covered":57,"skipped":0,"pct":82.6},"branches":{"total":19,"covered":16,"skipped":0,"pct":84.21}}
,"/home/runner/work/reactive/reactive/packages/core/src/utils/uid.ts": {"lines":{"total":13,"covered":13,"skipped":0,"pct":100},"functions":{"total":1,"covered":1,"skipped":0,"pct":100},"statements":{"total":13,"covered":13,"skipped":0,"pct":100},"branches":{"total":4,"covered":4,"skipped":0,"pct":100}}
,"/home/runner/work/reactive/reactive/packages/create-reactive/src/cli.ts": {"lines":{"total":2,"covered":0,"skipped":0,"pct":0},"functions":{"total":1,"covered":1,"skipped":0,"pct":100},"statements":{"total":2,"covered":0,"skipped":0,"pct":0},"branches":{"total":1,"covered":1,"skipped":0,"pct":100}}
,"/home/runner/work/reactive/reactive/packages/create-reactive/src/frameworks.ts": {"lines":{"total":35,"covered":35,"skipped":0,"pct":100},"functions":{"total":0,"covered":0,"skipped":0,"pct":100},"statements":{"total":35,"covered":35,"skipped":0,"pct":100},"branches":{"total":0,"covered":0,"skipped":0,"pct":100}}
,"/home/runner/work/reactive/reactive/packages/create-reactive/src/utils.ts": {"lines":{"total":51,"covered":21,"skipped":0,"pct":41.17},"functions":{"total":8,"covered":2,"skipped":0,"pct":25},"statements":{"total":51,"covered":21,"skipped":0,"pct":41.17},"branches":{"total":5,"covered":5,"skipped":0,"pct":100}}
,"/home/runner/work/reactive/reactive/packages/create-reactive/src/version.ts": {"lines":{"total":1,"covered":0,"skipped":0,"pct":0},"functions":{"total":1,"covered":0,"skipped":0,"pct":0},"statements":{"total":1,"covered":0,"skipped":0,"pct":0},"branches":{"total":1,"covered":0,"skipped":0,"pct":0}}
,"/home/runner/work/reactive/reactive/packages/react/src/context.ts": {"lines":{"total":14,"covered":14,"skipped":0,"pct":100},"functions":{"total":1,"covered":1,"skipped":0,"pct":100},"statements":{"total":14,"covered":14,"skipped":0,"pct":100},"branches":{"total":1,"covered":1,"skipped":0,"pct":100}}
,"/home/runner/work/reactive/reactive/packages/react/src/hydrate.ts": {"lines":{"total":20,"covered":16,"skipped":0,"pct":80},"functions":{"total":1,"covered":1,"skipped":0,"pct":100},"statements":{"total":20,"covered":16,"skipped":0,"pct":80},"branches":{"total":4,"covered":2,"skipped":0,"pct":50}}
,"/home/runner/work/reactive/reactive/packages/react/src/errors/base.ts": {"lines":{"total":4,"covered":4,"skipped":0,"pct":100},"functions":{"total":1,"covered":1,"skipped":0,"pct":100},"statements":{"total":4,"covered":4,"skipped":0,"pct":100},"branches":{"total":1,"covered":1,"skipped":0,"pct":100}}
,"/home/runner/work/reactive/reactive/packages/react/src/errors/context.ts": {"lines":{"total":7,"covered":7,"skipped":0,"pct":100},"functions":{"total":2,"covered":2,"skipped":0,"pct":100},"statements":{"total":7,"covered":7,"skipped":0,"pct":100},"branches":{"total":2,"covered":2,"skipped":0,"pct":100}}
,"/home/runner/work/reactive/reactive/packages/react/src/hooks/useAccount.ts": {"lines":{"total":31,"covered":6,"skipped":0,"pct":19.35},"functions":{"total":1,"covered":0,"skipped":0,"pct":0},"statements":{"total":31,"covered":6,"skipped":0,"pct":19.35},"branches":{"total":0,"covered":0,"skipped":0,"pct":100}}
,"/home/runner/work/reactive/reactive/packages/react/src/hooks/useActiveAccount.ts": {"lines":{"total":23,"covered":20,"skipped":0,"pct":86.95},"functions":{"total":2,"covered":1,"skipped":0,"pct":50},"statements":{"total":23,"covered":20,"skipped":0,"pct":86.95},"branches":{"total":4,"covered":3,"skipped":0,"pct":75}}
,"/home/runner/work/reactive/reactive/packages/react/src/hooks/useBalance.ts": {"lines":{"total":30,"covered":30,"skipped":0,"pct":100},"functions":{"total":2,"covered":2,"skipped":0,"pct":100},"statements":{"total":30,"covered":30,"skipped":0,"pct":100},"branches":{"total":4,"covered":4,"skipped":0,"pct":100}}
,"/home/runner/work/reactive/reactive/packages/react/src/hooks/useBlock.ts": {"lines":{"total":26,"covered":5,"skipped":0,"pct":19.23},"functions":{"total":1,"covered":0,"skipped":0,"pct":0},"statements":{"total":26,"covered":5,"skipped":0,"pct":19.23},"branches":{"total":0,"covered":0,"skipped":0,"pct":100}}
,"/home/runner/work/reactive/reactive/packages/react/src/hooks/useBuildTransaction.ts": {"lines":{"total":20,"covered":19,"skipped":0,"pct":95},"functions":{"total":2,"covered":1,"skipped":0,"pct":50},"statements":{"total":20,"covered":19,"skipped":0,"pct":95},"branches":{"total":1,"covered":1,"skipped":0,"pct":100}}
,"/home/runner/work/reactive/reactive/packages/react/src/hooks/useCallContract.ts": {"lines":{"total":20,"covered":4,"skipped":0,"pct":20},"functions":{"total":1,"covered":0,"skipped":0,"pct":0},"statements":{"total":20,"covered":4,"skipped":0,"pct":20},"branches":{"total":0,"covered":0,"skipped":0,"pct":100}}
,"/home/runner/work/reactive/reactive/packages/react/src/hooks/useChannelDeposit.ts": {"lines":{"total":20,"covered":4,"skipped":0,"pct":20},"functions":{"total":1,"covered":0,"skipped":0,"pct":0},"statements":{"total":20,"covered":4,"skipped":0,"pct":20},"branches":{"total":0,"covered":0,"skipped":0,"pct":100}}
,"/home/runner/work/reactive/reactive/packages/react/src/hooks/useClaimName.ts": {"lines":{"total":19,"covered":4,"skipped":0,"pct":21.05},"functions":{"total":1,"covered":0,"skipped":0,"pct":0},"statements":{"total":19,"covered":4,"skipped":0,"pct":21.05},"branches":{"total":0,"covered":0,"skipped":0,"pct":100}}
,"/home/runner/work/reactive/reactive/packages/react/src/hooks/useCloseChannel.ts": {"lines":{"total":20,"covered":4,"skipped":0,"pct":20},"functions":{"total":1,"covered":0,"skipped":0,"pct":0},"statements":{"total":20,"covered":4,"skipped":0,"pct":20},"branches":{"total":0,"covered":0,"skipped":0,"pct":100}}
,"/home/runner/work/reactive/reactive/packages/react/src/hooks/useCompileContract.ts": {"lines":{"total":20,"covered":19,"skipped":0,"pct":95},"functions":{"total":2,"covered":1,"skipped":0,"pct":50},"statements":{"total":20,"covered":19,"skipped":0,"pct":95},"branches":{"total":1,"covered":1,"skipped":0,"pct":100}}
,"/home/runner/work/reactive/reactive/packages/react/src/hooks/useConfig.ts": {"lines":{"total":10,"covered":10,"skipped":0,"pct":100},"functions":{"total":1,"covered":1,"skipped":0,"pct":100},"statements":{"total":10,"covered":10,"skipped":0,"pct":100},"branches":{"total":4,"covered":4,"skipped":0,"pct":100}}
,"/home/runner/work/reactive/reactive/packages/react/src/hooks/useConnect.ts": {"lines":{"total":30,"covered":27,"skipped":0,"pct":90},"functions":{"total":2,"covered":1,"skipped":0,"pct":50},"statements":{"total":30,"covered":27,"skipped":0,"pct":90},"branches":{"total":3,"covered":3,"skipped":0,"pct":100}}
,"/home/runner/work/reactive/reactive/packages/react/src/hooks/useConnection.ts": {"lines":{"total":13,"covered":4,"skipped":0,"pct":30.76},"functions":{"total":1,"covered":0,"skipped":0,"pct":0},"statements":{"total":13,"covered":4,"skipped":0,"pct":30.76},"branches":{"total":0,"covered":0,"skipped":0,"pct":100}}
,"/home/runner/work/reactive/reactive/packages/react/src/hooks/useConnections.ts": {"lines":{"total":13,"covered":4,"skipped":0,"pct":30.76},"functions":{"total":1,"covered":0,"skipped":0,"pct":0},"statements":{"total":13,"covered":4,"skipped":0,"pct":30.76},"branches":{"total":0,"covered":0,"skipped":0,"pct":100}}
,"/home/runner/work/reactive/reactive/packages/react/src/hooks/useConnectorClient.ts": {"lines":{"total":23,"covered":6,"skipped":0,"pct":26.08},"functions":{"total":1,"covered":0,"skipped":0,"pct":0},"statements":{"total":23,"covered":6,"skipped":0,"pct":26.08},"branches":{"total":0,"covered":0,"skipped":0,"pct":100}}
,"/home/runner/work/reactive/reactive/packages/react/src/hooks/useConnectors.ts": {"lines":{"total":13,"covered":13,"skipped":0,"pct":100},"functions":{"total":1,"covered":1,"skipped":0,"pct":100},"statements":{"total":13,"covered":13,"skipped":0,"pct":100},"branches":{"total":3,"covered":3,"skipped":0,"pct":100}}
,"/home/runner/work/reactive/reactive/packages/react/src/hooks/useContractBytecode.ts": {"lines":{"total":25,"covered":5,"skipped":0,"pct":20},"functions":{"total":1,"covered":0,"skipped":0,"pct":0},"statements":{"total":25,"covered":5,"skipped":0,"pct":20},"branches":{"total":0,"covered":0,"skipped":0,"pct":100}}
,"/home/runner/work/reactive/reactive/packages/react/src/hooks/useContractEvents.ts": {"lines":{"total":27,"covered":5,"skipped":0,"pct":18.51},"functions":{"total":1,"covered":0,"skipped":0,"pct":0},"statements":{"total":27,"covered":5,"skipped":0,"pct":18.51},"branches":{"total":0,"covered":0,"skipped":0,"pct":100}}
,"/home/runner/work/reactive/reactive/packages/react/src/hooks/useDeployContract.ts": {"lines":{"total":20,"covered":4,"skipped":0,"pct":20},"functions":{"total":1,"covered":0,"skipped":0,"pct":0},"statements":{"total":20,"covered":4,"skipped":0,"pct":20},"branches":{"total":0,"covered":0,"skipped":0,"pct":100}}
,"/home/runner/work/reactive/reactive/packages/react/src/hooks/useDisconnect.ts": {"lines":{"total":20,"covered":4,"skipped":0,"pct":20},"functions":{"total":1,"covered":0,"skipped":0,"pct":0},"statements":{"total":20,"covered":4,"skipped":0,"pct":20},"branches":{"total":0,"covered":0,"skipped":0,"pct":100}}
,"/home/runner/work/reactive/reactive/packages/react/src/hooks/useEstimateGas.ts": {"lines":{"total":28,"covered":5,"skipped":0,"pct":17.85},"functions":{"total":1,"covered":0,"skipped":0,"pct":0},"statements":{"total":28,"covered":5,"skipped":0,"pct":17.85},"branches":{"total":0,"covered":0,"skipped":0,"pct":100}}
,"/home/runner/work/reactive/reactive/packages/react/src/hooks/useHeight.ts": {"lines":{"total":23,"covered":5,"skipped":0,"pct":21.73},"functions":{"total":1,"covered":0,"skipped":0,"pct":0},"statements":{"total":23,"covered":5,"skipped":0,"pct":21.73},"branches":{"total":0,"covered":0,"skipped":0,"pct":100}}
,"/home/runner/work/reactive/reactive/packages/react/src/hooks/useMicroBlock.ts": {"lines":{"total":25,"covered":21,"skipped":0,"pct":84},"functions":{"total":2,"covered":1,"skipped":0,"pct":50},"statements":{"total":25,"covered":21,"skipped":0,"pct":84},"branches":{"total":1,"covered":1,"skipped":0,"pct":100}}
,"/home/runner/work/reactive/reactive/packages/react/src/hooks/useNameEntry.ts": {"lines":{"total":25,"covered":21,"skipped":0,"pct":84},"functions":{"total":2,"covered":1,"skipped":0,"pct":50},"statements":{"total":25,"covered":21,"skipped":0,"pct":84},"branches":{"total":1,"covered":1,"skipped":0,"pct":100}}
,"/home/runner/work/reactive/reactive/packages/react/src/hooks/useNetworkId.ts": {"lines":{"total":13,"covered":13,"skipped":0,"pct":100},"functions":{"total":1,"covered":1,"skipped":0,"pct":100},"statements":{"total":13,"covered":13,"skipped":0,"pct":100},"branches":{"total":3,"covered":3,"skipped":0,"pct":100}}
,"/home/runner/work/reactive/reactive/packages/react/src/hooks/useNetworks.ts": {"lines":{"total":8,"covered":3,"skipped":0,"pct":37.5},"functions":{"total":1,"covered":0,"skipped":0,"pct":0},"statements":{"total":8,"covered":3,"skipped":0,"pct":37.5},"branches":{"total":0,"covered":0,"skipped":0,"pct":100}}
,"/home/runner/work/reactive/reactive/packages/react/src/hooks/useNodeClient.ts": {"lines":{"total":13,"covered":4,"skipped":0,"pct":30.76},"functions":{"total":1,"covered":0,"skipped":0,"pct":0},"statements":{"total":13,"covered":4,"skipped":0,"pct":30.76},"branches":{"total":0,"covered":0,"skipped":0,"pct":100}}
,"/home/runner/work/reactive/reactive/packages/react/src/hooks/useOpenChannel.ts": {"lines":{"total":20,"covered":4,"skipped":0,"pct":20},"functions":{"total":1,"covered":0,"skipped":0,"pct":0},"statements":{"total":20,"covered":4,"skipped":0,"pct":20},"branches":{"total":0,"covered":0,"skipped":0,"pct":100}}
,"/home/runner/work/reactive/reactive/packages/react/src/hooks/useOracleQueries.ts": {"lines":{"total":25,"covered":5,"skipped":0,"pct":20},"functions":{"total":1,"covered":0,"skipped":0,"pct":0},"statements":{"total":25,"covered":5,"skipped":0,"pct":20},"branches":{"total":0,"covered":0,"skipped":0,"pct":100}}
,"/home/runner/work/reactive/reactive/packages/react/src/hooks/useOracleState.ts": {"lines":{"total":25,"covered":5,"skipped":0,"pct":20},"functions":{"total":1,"covered":0,"skipped":0,"pct":0},"statements":{"total":25,"covered":5,"skipped":0,"pct":20},"branches":{"total":0,"covered":0,"skipped":0,"pct":100}}
,"/home/runner/work/reactive/reactive/packages/react/src/hooks/usePayForTransaction.ts": {"lines":{"total":21,"covered":4,"skipped":0,"pct":19.04},"functions":{"total":1,"covered":0,"skipped":0,"pct":0},"statements":{"total":21,"covered":4,"skipped":0,"pct":19.04},"branches":{"total":0,"covered":0,"skipped":0,"pct":100}}
,"/home/runner/work/reactive/reactive/packages/react/src/hooks/usePreclaimName.ts": {"lines":{"total":20,"covered":4,"skipped":0,"pct":20},"functions":{"total":1,"covered":0,"skipped":0,"pct":0},"statements":{"total":20,"covered":4,"skipped":0,"pct":20},"branches":{"total":0,"covered":0,"skipped":0,"pct":100}}
,"/home/runner/work/reactive/reactive/packages/react/src/hooks/useQueryOracle.ts": {"lines":{"total":20,"covered":4,"skipped":0,"pct":20},"functions":{"total":1,"covered":0,"skipped":0,"pct":0},"statements":{"total":20,"covered":4,"skipped":0,"pct":20},"branches":{"total":0,"covered":0,"skipped":0,"pct":100}}
,"/home/runner/work/reactive/reactive/packages/react/src/hooks/useReadContract.ts": {"lines":{"total":29,"covered":5,"skipped":0,"pct":17.24},"functions":{"total":1,"covered":0,"skipped":0,"pct":0},"statements":{"total":29,"covered":5,"skipped":0,"pct":17.24},"branches":{"total":0,"covered":0,"skipped":0,"pct":100}}
,"/home/runner/work/reactive/reactive/packages/react/src/hooks/useReadContracts.ts": {"lines":{"total":23,"covered":4,"skipped":0,"pct":17.39},"functions":{"total":1,"covered":0,"skipped":0,"pct":0},"statements":{"total":23,"covered":4,"skipped":0,"pct":17.39},"branches":{"total":0,"covered":0,"skipped":0,"pct":100}}
,"/home/runner/work/reactive/reactive/packages/react/src/hooks/useReconnect.ts": {"lines":{"total":19,"covered":4,"skipped":0,"pct":21.05},"functions":{"total":1,"covered":0,"skipped":0,"pct":0},"statements":{"total":19,"covered":4,"skipped":0,"pct":21.05},"branches":{"total":0,"covered":0,"skipped":0,"pct":100}}
,"/home/runner/work/reactive/reactive/packages/react/src/hooks/useRegisterOracle.ts": {"lines":{"total":20,"covered":4,"skipped":0,"pct":20},"functions":{"total":1,"covered":0,"skipped":0,"pct":0},"statements":{"total":20,"covered":4,"skipped":0,"pct":20},"branches":{"total":0,"covered":0,"skipped":0,"pct":100}}
,"/home/runner/work/reactive/reactive/packages/react/src/hooks/useResolveName.ts": {"lines":{"total":26,"covered":5,"skipped":0,"pct":19.23},"functions":{"total":1,"covered":0,"skipped":0,"pct":0},"statements":{"total":26,"covered":5,"skipped":0,"pct":19.23},"branches":{"total":0,"covered":0,"skipped":0,"pct":100}}
,"/home/runner/work/reactive/reactive/packages/react/src/hooks/useRespondToQuery.ts": {"lines":{"total":20,"covered":4,"skipped":0,"pct":20},"functions":{"total":1,"covered":0,"skipped":0,"pct":0},"statements":{"total":20,"covered":4,"skipped":0,"pct":20},"branches":{"total":0,"covered":0,"skipped":0,"pct":100}}
,"/home/runner/work/reactive/reactive/packages/react/src/hooks/useRevokeName.ts": {"lines":{"total":20,"covered":4,"skipped":0,"pct":20},"functions":{"total":1,"covered":0,"skipped":0,"pct":0},"statements":{"total":20,"covered":4,"skipped":0,"pct":20},"branches":{"total":0,"covered":0,"skipped":0,"pct":100}}
,"/home/runner/work/reactive/reactive/packages/react/src/hooks/useSendTransaction.ts": {"lines":{"total":20,"covered":4,"skipped":0,"pct":20},"functions":{"total":1,"covered":0,"skipped":0,"pct":0},"statements":{"total":20,"covered":4,"skipped":0,"pct":20},"branches":{"total":0,"covered":0,"skipped":0,"pct":100}}
,"/home/runner/work/reactive/reactive/packages/react/src/hooks/useSignDelegation.ts": {"lines":{"total":20,"covered":19,"skipped":0,"pct":95},"functions":{"total":2,"covered":1,"skipped":0,"pct":50},"statements":{"total":20,"covered":19,"skipped":0,"pct":95},"branches":{"total":1,"covered":1,"skipped":0,"pct":100}}
,"/home/runner/work/reactive/reactive/packages/react/src/hooks/useSignMessage.ts": {"lines":{"total":20,"covered":4,"skipped":0,"pct":20},"functions":{"total":1,"covered":0,"skipped":0,"pct":0},"statements":{"total":20,"covered":4,"skipped":0,"pct":20},"branches":{"total":0,"covered":0,"skipped":0,"pct":100}}
,"/home/runner/work/reactive/reactive/packages/react/src/hooks/useSignTransaction.ts": {"lines":{"total":20,"covered":4,"skipped":0,"pct":20},"functions":{"total":1,"covered":0,"skipped":0,"pct":0},"statements":{"total":20,"covered":4,"skipped":0,"pct":20},"branches":{"total":0,"covered":0,"skipped":0,"pct":100}}
,"/home/runner/work/reactive/reactive/packages/react/src/hooks/useSignTypedData.ts": {"lines":{"total":20,"covered":4,"skipped":0,"pct":20},"functions":{"total":1,"covered":0,"skipped":0,"pct":0},"statements":{"total":20,"covered":4,"skipped":0,"pct":20},"branches":{"total":0,"covered":0,"skipped":0,"pct":100}}
,"/home/runner/work/reactive/reactive/packages/react/src/hooks/useSimulateContract.ts": {"lines":{"total":29,"covered":5,"skipped":0,"pct":17.24},"functions":{"total":1,"covered":0,"skipped":0,"pct":0},"statements":{"total":29,"covered":5,"skipped":0,"pct":17.24},"branches":{"total":0,"covered":0,"skipped":0,"pct":100}}
,"/home/runner/work/reactive/reactive/packages/react/src/hooks/useSpend.ts": {"lines":{"total":18,"covered":4,"skipped":0,"pct":22.22},"functions":{"total":1,"covered":0,"skipped":0,"pct":0},"statements":{"total":18,"covered":4,"skipped":0,"pct":22.22},"branches":{"total":0,"covered":0,"skipped":0,"pct":100}}
,"/home/runner/work/reactive/reactive/packages/react/src/hooks/useSwitchActiveAccount.ts": {"lines":{"total":21,"covered":0,"skipped":0,"pct":0},"functions":{"total":1,"covered":1,"skipped":0,"pct":100},"statements":{"total":21,"covered":0,"skipped":0,"pct":0},"branches":{"total":1,"covered":1,"skipped":0,"pct":100}}
,"/home/runner/work/reactive/reactive/packages/react/src/hooks/useSwitchNetwork.ts": {"lines":{"total":22,"covered":5,"skipped":0,"pct":22.72},"functions":{"total":1,"covered":0,"skipped":0,"pct":0},"statements":{"total":22,"covered":5,"skipped":0,"pct":22.72},"branches":{"total":0,"covered":0,"skipped":0,"pct":100}}
,"/home/runner/work/reactive/reactive/packages/react/src/hooks/useTransaction.ts": {"lines":{"total":25,"covered":5,"skipped":0,"pct":20},"functions":{"total":1,"covered":0,"skipped":0,"pct":0},"statements":{"total":25,"covered":5,"skipped":0,"pct":20},"branches":{"total":0,"covered":0,"skipped":0,"pct":100}}
,"/home/runner/work/reactive/reactive/packages/react/src/hooks/useTransactionCount.ts": {"lines":{"total":25,"covered":5,"skipped":0,"pct":20},"functions":{"total":1,"covered":0,"skipped":0,"pct":0},"statements":{"total":25,"covered":5,"skipped":0,"pct":20},"branches":{"total":0,"covered":0,"skipped":0,"pct":100}}
[...]
,"/home/runner/work/reactive/reactive/packages/vue/src/composables/useCloseChannel.ts": {"lines":{"total":29,"covered":5,"skipped":0,"pct":17.24},"functions":{"total":1,"covered":0,"skipped":0,"pct":0},"statements":{"total":29,"covered":5,"skipped":0,"pct":17.24},"branches":{"total":0,"covered":0,"skipped":0,"pct":100}}
,"/home/runner/work/reactive/reactive/packages/vue/src/composables/useCompileContract.ts": {"lines":{"total":30,"covered":29,"skipped":0,"pct":96.66},"functions":{"total":2,"covered":1,"skipped":0,"pct":50},"statements":{"total":30,"covered":29,"skipped":0,"pct":96.66},"branches":{"total":1,"covered":1,"skipped":0,"pct":100}}
,"/home/runner/work/reactive/reactive/packages/vue/src/composables/useConfig.ts": {"lines":{"total":13,"covered":13,"skipped":0,"pct":100},"functions":{"total":1,"covered":1,"skipped":0,"pct":100},"statements":{"total":13,"covered":13,"skipped":0,"pct":100},"branches":{"total":6,"covered":6,"skipped":0,"pct":100}}
,"/home/runner/work/reactive/reactive/packages/vue/src/composables/useConnect.ts": {"lines":{"total":39,"covered":36,"skipped":0,"pct":92.3},"functions":{"total":2,"covered":1,"skipped":0,"pct":50},"statements":{"total":39,"covered":36,"skipped":0,"pct":92.3},"branches":{"total":1,"covered":1,"skipped":0,"pct":100}}
,"/home/runner/work/reactive/reactive/packages/vue/src/composables/useConnection.ts": {"lines":{"total":16,"covered":4,"skipped":0,"pct":25},"functions":{"total":1,"covered":0,"skipped":0,"pct":0},"statements":{"total":16,"covered":4,"skipped":0,"pct":25},"branches":{"total":0,"covered":0,"skipped":0,"pct":100}}
,"/home/runner/work/reactive/reactive/packages/vue/src/composables/useConnections.ts": {"lines":{"total":18,"covered":4,"skipped":0,"pct":22.22},"functions":{"total":1,"covered":0,"skipped":0,"pct":0},"statements":{"total":18,"covered":4,"skipped":0,"pct":22.22},"branches":{"total":0,"covered":0,"skipped":0,"pct":100}}
,"/home/runner/work/reactive/reactive/packages/vue/src/composables/useConnectorClient.ts": {"lines":{"total":25,"covered":7,"skipped":0,"pct":28},"functions":{"total":1,"covered":0,"skipped":0,"pct":0},"statements":{"total":25,"covered":7,"skipped":0,"pct":28},"branches":{"total":0,"covered":0,"skipped":0,"pct":100}}
,"/home/runner/work/reactive/reactive/packages/vue/src/composables/useConnectors.ts": {"lines":{"total":16,"covered":4,"skipped":0,"pct":25},"functions":{"total":1,"covered":0,"skipped":0,"pct":0},"statements":{"total":16,"covered":4,"skipped":0,"pct":25},"branches":{"total":0,"covered":0,"skipped":0,"pct":100}}
,"/home/runner/work/reactive/reactive/packages/vue/src/composables/useContractBytecode.ts": {"lines":{"total":27,"covered":6,"skipped":0,"pct":22.22},"functions":{"total":1,"covered":0,"skipped":0,"pct":0},"statements":{"total":27,"covered":6,"skipped":0,"pct":22.22},"branches":{"total":0,"covered":0,"skipped":0,"pct":100}}
,"/home/runner/work/reactive/reactive/packages/vue/src/composables/useContractEvents.ts": {"lines":{"total":29,"covered":6,"skipped":0,"pct":20.68},"functions":{"total":1,"covered":0,"skipped":0,"pct":0},"statements":{"total":29,"covered":6,"skipped":0,"pct":20.68},"branches":{"total":0,"covered":0,"skipped":0,"pct":100}}
,"/home/runner/work/reactive/reactive/packages/vue/src/composables/useDeployContract.ts": {"lines":{"total":29,"covered":5,"skipped":0,"pct":17.24},"functions":{"total":1,"covered":0,"skipped":0,"pct":0},"statements":{"total":29,"covered":5,"skipped":0,"pct":17.24},"branches":{"total":0,"covered":0,"skipped":0,"pct":100}}
,"/home/runner/work/reactive/reactive/packages/vue/src/composables/useDisconnect.ts": {"lines":{"total":29,"covered":5,"skipped":0,"pct":17.24},"functions":{"total":1,"covered":0,"skipped":0,"pct":0},"statements":{"total":29,"covered":5,"skipped":0,"pct":17.24},"branches":{"total":0,"covered":0,"skipped":0,"pct":100}}
,"/home/runner/work/reactive/reactive/packages/vue/src/composables/useEstimateGas.ts": {"lines":{"total":30,"covered":6,"skipped":0,"pct":20},"functions":{"total":1,"covered":0,"skipped":0,"pct":0},"statements":{"total":30,"covered":6,"skipped":0,"pct":20},"branches":{"total":0,"covered":0,"skipped":0,"pct":100}}
,"/home/runner/work/reactive/reactive/packages/vue/src/composables/useHeight.ts": {"lines":{"total":25,"covered":6,"skipped":0,"pct":24},"functions":{"total":1,"covered":0,"skipped":0,"pct":0},"statements":{"total":25,"covered":6,"skipped":0,"pct":24},"branches":{"total":0,"covered":0,"skipped":0,"pct":100}}
,"/home/runner/work/reactive/reactive/packages/vue/src/composables/useMicroBlock.ts": {"lines":{"total":27,"covered":14,"skipped":0,"pct":51.85},"functions":{"total":1,"covered":1,"skipped":0,"pct":100},"statements":{"total":27,"covered":14,"skipped":0,"pct":51.85},"branches":{"total":1,"covered":1,"skipped":0,"pct":100}}
,"/home/runner/work/reactive/reactive/packages/vue/src/composables/useNameEntry.ts": {"lines":{"total":27,"covered":14,"skipped":0,"pct":51.85},"functions":{"total":1,"covered":1,"skipped":0,"pct":100},"statements":{"total":27,"covered":14,"skipped":0,"pct":51.85},"branches":{"total":1,"covered":1,"skipped":0,"pct":100}}
,"/home/runner/work/reactive/reactive/packages/vue/src/composables/useNetworkId.ts": {"lines":{"total":16,"covered":16,"skipped":0,"pct":100},"functions":{"total":2,"covered":2,"skipped":0,"pct":100},"statements":{"total":16,"covered":16,"skipped":0,"pct":100},"branches":{"total":2,"covered":2,"skipped":0,"pct":100}}
,"/home/runner/work/reactive/reactive/packages/vue/src/composables/useNetworks.ts": {"lines":{"total":8,"covered":3,"skipped":0,"pct":37.5},"functions":{"total":1,"covered":0,"skipped":0,"pct":0},"statements":{"total":8,"covered":3,"skipped":0,"pct":37.5},"branches":{"total":0,"covered":0,"skipped":0,"pct":100}}
,"/home/runner/work/reactive/reactive/packages/vue/src/composables/useNodeClient.ts": {"lines":{"total":18,"covered":4,"skipped":0,"pct":22.22},"functions":{"total":1,"covered":0,"skipped":0,"pct":0},"statements":{"total":18,"covered":4,"skipped":0,"pct":22.22},"branches":{"total":0,"covered":0,"skipped":0,"pct":100}}
,"/home/runner/work/reactive/reactive/packages/vue/src/composables/useOpenChannel.ts": {"lines":{"total":29,"covered":5,"skipped":0,"pct":17.24},"functions":{"total":1,"covered":0,"skipped":0,"pct":0},"statements":{"total":29,"covered":5,"skipped":0,"pct":17.24},"branches":{"total":0,"covered":0,"skipped":0,"pct":100}}
,"/home/runner/work/reactive/reactive/packages/vue/src/composables/useOracleQueries.ts": {"lines":{"total":27,"covered":6,"skipped":0,"pct":22.22},"functions":{"total":1,"covered":0,"skipped":0,"pct":0},"statements":{"total":27,"covered":6,"skipped":0,"pct":22.22},"branches":{"total":0,"covered":0,"skipped":0,"pct":100}}
,"/home/runner/work/reactive/reactive/packages/vue/src/composables/useOracleState.ts": {"lines":{"total":27,"covered":6,"skipped":0,"pct":22.22},"functions":{"total":1,"covered":0,"skipped":0,"pct":0},"statements":{"total":27,"covered":6,"skipped":0,"pct":22.22},"branches":{"total":0,"covered":0,"skipped":0,"pct":100}}
,"/home/runner/work/reactive/reactive/packages/vue/src/composables/usePayForTransaction.ts": {"lines":{"total":30,"covered":5,"skipped":0,"pct":16.66},"functions":{"total":1,"covered":0,"skipped":0,"pct":0},"statements":{"total":30,"covered":5,"skipped":0,"pct":16.66},"branches":{"total":0,"covered":0,"skipped":0,"pct":100}}
,"/home/runner/work/reactive/reactive/packages/vue/src/composables/usePreclaimName.ts": {"lines":{"total":29,"covered":5,"skipped":0,"pct":17.24},"functions":{"total":1,"covered":0,"skipped":0,"pct":0},"statements":{"total":29,"covered":5,"skipped":0,"pct":17.24},"branches":{"total":0,"covered":0,"skipped":0,"pct":100}}
,"/home/runner/work/reactive/reactive/packages/vue/src/composables/useQueryOracle.ts": {"lines":{"total":29,"covered":5,"skipped":0,"pct":17.24},"functions":{"total":1,"covered":0,"skipped":0,"pct":0},"statements":{"total":29,"covered":5,"skipped":0,"pct":17.24},"branches":{"total":0,"covered":0,"skipped":0,"pct":100}}
,"/home/runner/work/reactive/reactive/packages/vue/src/composables/useReadContract.ts": {"lines":{"total":31,"covered":6,"skipped":0,"pct":19.35},"functions":{"total":1,"covered":0,"skipped":0,"pct":0},"statements":{"total":31,"covered":6,"skipped":0,"pct":19.35},"branches":{"total":0,"covered":0,"skipped":0,"pct":100}}
,"/home/runner/work/reactive/reactive/packages/vue/src/composables/useReadContracts.ts": {"lines":{"total":25,"covered":5,"skipped":0,"pct":20},"functions":{"total":1,"covered":0,"skipped":0,"pct":0},"statements":{"total":25,"covered":5,"skipped":0,"pct":20},"branches":{"total":0,"covered":0,"skipped":0,"pct":100}}
,"/home/runner/work/reactive/reactive/packages/vue/src/composables/useReconnect.ts": {"lines":{"total":29,"covered":5,"skipped":0,"pct":17.24},"functions":{"total":1,"covered":0,"skipped":0,"pct":0},"statements":{"total":29,"covered":5,"skipped":0,"pct":17.24},"branches":{"total":0,"covered":0,"skipped":0,"pct":100}}
,"/home/runner/work/reactive/reactive/packages/vue/src/composables/useRegisterOracle.ts": {"lines":{"total":29,"covered":5,"skipped":0,"pct":17.24},"functions":{"total":1,"covered":0,"skipped":0,"pct":0},"statements":{"total":29,"covered":5,"skipped":0,"pct":17.24},"branches":{"total":0,"covered":0,"skipped":0,"pct":100}}
,"/home/runner/work/reactive/reactive/packages/vue/src/composables/useResolveName.ts": {"lines":{"total":28,"covered":6,"skipped":0,"pct":21.42},"functions":{"total":1,"covered":0,"skipped":0,"pct":0},"statements":{"total":28,"covered":6,"skipped":0,"pct":21.42},"branches":{"total":0,"covered":0,"skipped":0,"pct":100}}
,"/home/runner/work/reactive/reactive/packages/vue/src/composables/useRespondToQuery.ts": {"lines":{"total":29,"covered":5,"skipped":0,"pct":17.24},"functions":{"total":1,"covered":0,"skipped":0,"pct":0},"statements":{"total":29,"covered":5,"skipped":0,"pct":17.24},"branches":{"total":0,"covered":0,"skipped":0,"pct":100}}
,"/home/runner/work/reactive/reactive/packages/vue/src/composables/useRevokeName.ts": {"lines":{"total":29,"covered":5,"skipped":0,"pct":17.24},"functions":{"total":1,"covered":0,"skipped":0,"pct":0},"statements":{"total":29,"covered":5,"skipped":0,"pct":17.24},"branches":{"total":0,"covered":0,"skipped":0,"pct":100}}
,"/home/runner/work/reactive/reactive/packages/vue/src/composables/useSendTransaction.ts": {"lines":{"total":30,"covered":5,"skipped":0,"pct":16.66},"functions":{"total":1,"covered":0,"skipped":0,"pct":0},"statements":{"total":30,"covered":5,"skipped":0,"pct":16.66},"branches":{"total":0,"covered":0,"skipped":0,"pct":100}}
,"/home/runner/work/reactive/reactive/packages/vue/src/composables/useSignDelegation.ts": {"lines":{"total":29,"covered":28,"skipped":0,"pct":96.55},"functions":{"total":2,"covered":1,"skipped":0,"pct":50},"statements":{"total":29,"covered":28,"skipped":0,"pct":96.55},"branches":{"total":1,"covered":1,"skipped":0,"pct":100}}
,"/home/runner/work/reactive/reactive/packages/vue/src/composables/useSignMessage.ts": {"lines":{"total":29,"covered":5,"skipped":0,"pct":17.24},"functions":{"total":1,"covered":0,"skipped":0,"pct":0},"statements":{"total":29,"covered":5,"skipped":0,"pct":17.24},"branches":{"total":0,"covered":0,"skipped":0,"pct":100}}
,"/home/runner/work/reactive/reactive/packages/vue/src/composables/useSignTransaction.ts": {"lines":{"total":30,"covered":5,"skipped":0,"pct":16.66},"functions":{"total":1,"covered":0,"skipped":0,"pct":0},"statements":{"total":30,"covered":5,"skipped":0,"pct":16.66},"branches":{"total":0,"covered":0,"skipped":0,"pct":100}}
,"/home/runner/work/reactive/reactive/packages/vue/src/composables/useSignTypedData.ts": {"lines":{"total":29,"covered":5,"skipped":0,"pct":17.24},"functions":{"total":1,"covered":0,"skipped":0,"pct":0},"statements":{"total":29,"covered":5,"skipped":0,"pct":17.24},"branches":{"total":0,"covered":0,"skipped":0,"pct":100}}
,"/home/runner/work/reactive/reactive/packages/vue/src/composables/useSimulateContract.ts": {"lines":{"total":31,"covered":6,"skipped":0,"pct":19.35},"functions":{"total":1,"covered":0,"skipped":0,"pct":0},"statements":{"total":31,"covered":6,"skipped":0,"pct":19.35},"branches":{"total":0,"covered":0,"skipped":0,"pct":100}}
,"/home/runner/work/reactive/reactive/packages/vue/src/composables/useSpend.ts": {"lines":{"total":28,"covered":5,"skipped":0,"pct":17.85},"functions":{"total":1,"covered":0,"skipped":0,"pct":0},"statements":{"total":28,"covered":5,"skipped":0,"pct":17.85},"branches":{"total":0,"covered":0,"skipped":0,"pct":100}}
,"/home/runner/work/reactive/reactive/packages/vue/src/composables/useSwitchActiveAccount.ts": {"lines":{"total":31,"covered":0,"skipped":0,"pct":0},"functions":{"total":1,"covered":1,"skipped":0,"pct":100},"statements":{"total":31,"covered":0,"skipped":0,"pct":0},"branches":{"total":1,"covered":1,"skipped":0,"pct":100}}
,"/home/runner/work/reactive/reactive/packages/vue/src/composables/useSwitchNetwork.ts": {"lines":{"total":31,"covered":6,"skipped":0,"pct":19.35},"functions":{"total":1,"covered":0,"skipped":0,"pct":0},"statements":{"total":31,"covered":6,"skipped":0,"pct":19.35},"branches":{"total":0,"covered":0,"skipped":0,"pct":100}}
,"/home/runner/work/reactive/reactive/packages/vue/src/composables/useTransaction.ts": {"lines":{"total":27,"covered":6,"skipped":0,"pct":22.22},"functions":{"total":1,"covered":0,"skipped":0,"pct":0},"statements":{"total":27,"covered":6,"skipped":0,"pct":22.22},"branches":{"total":0,"covered":0,"skipped":0,"pct":100}}
,"/home/runner/work/reactive/reactive/packages/vue/src/composables/useTransactionCount.ts": {"lines":{"total":27,"covered":6,"skipped":0,"pct":22.22},"functions":{"total":1,"covered":0,"skipped":0,"pct":0},"statements":{"total":27,"covered":6,"skipped":0,"pct":22.22},"branches":{"total":0,"covered":0,"skipped":0,"pct":100}}
,"/home/runner/work/reactive/reactive/packages/vue/src/composables/useTransferFunds.ts": {"lines":{"total":29,"covered":28,"skipped":0,"pct":96.55},"functions":{"total":2,"covered":1,"skipped":0,"pct":50},"statements":{"total":29,"covered":28,"skipped":0,"pct":96.55},"branches":{"total":1,"covered":1,"skipped":0,"pct":100}}
,"/home/runner/work/reactive/reactive/packages/vue/src/composables/useTransferName.ts": {"lines":{"total":29,"covered":5,"skipped":0,"pct":17.24},"functions":{"total":1,"covered":0,"skipped":0,"pct":0},"statements":{"total":29,"covered":5,"skipped":0,"pct":17.24},"branches":{"total":0,"covered":0,"skipped":0,"pct":100}}
,"/home/runner/work/reactive/reactive/packages/vue/src/composables/useUpdateName.ts": {"lines":{"total":29,"covered":5,"skipped":0,"pct":17.24},"functions":{"total":1,"covered":0,"skipped":0,"pct":0},"statements":{"total":29,"covered":5,"skipped":0,"pct":17.24},"branches":{"total":0,"covered":0,"skipped":0,"pct":100}}
,"/home/runner/work/reactive/reactive/packages/vue/src/composables/useVerifyMessage.ts": {"lines":{"total":26,"covered":5,"skipped":0,"pct":19.23},"functions":{"total":1,"covered":0,"skipped":0,"pct":0},"statements":{"total":26,"covered":5,"skipped":0,"pct":19.23},"branches":{"total":0,"covered":0,"skipped":0,"pct":100}}
,"/home/runner/work/reactive/reactive/packages/vue/src/composables/useVerifyTypedData.ts": {"lines":{"total":24,"covered":5,"skipped":0,"pct":20.83},"functions":{"total":1,"covered":0,"skipped":0,"pct":0},"statements":{"total":24,"covered":5,"skipped":0,"pct":20.83},"branches":{"total":0,"covered":0,"skipped":0,"pct":100}}
,"/home/runner/work/reactive/reactive/packages/vue/src/composables/useWaitForTransaction.ts": {"lines":{"total":27,"covered":6,"skipped":0,"pct":22.22},"functions":{"total":1,"covered":0,"skipped":0,"pct":0},"statements":{"total":27,"covered":6,"skipped":0,"pct":22.22},"branches":{"total":0,"covered":0,"skipped":0,"pct":100}}
,"/home/runner/work/reactive/reactive/packages/vue/src/composables/useWaitForTransactionConfirm.ts": {"lines":{"total":27,"covered":14,"skipped":0,"pct":51.85},"functions":{"total":1,"covered":1,"skipped":0,"pct":100},"statements":{"total":27,"covered":14,"skipped":0,"pct":51.85},"branches":{"total":1,"covered":1,"skipped":0,"pct":100}}
,"/home/runner/work/reactive/reactive/packages/vue/src/composables/useWatchConnection.ts": {"lines":{"total":25,"covered":4,"skipped":0,"pct":16},"functions":{"total":1,"covered":0,"skipped":0,"pct":0},"statements":{"total":25,"covered":4,"skipped":0,"pct":16},"branches":{"total":0,"covered":0,"skipped":0,"pct":100}}
,"/home/runner/work/reactive/reactive/packages/vue/src/composables/useWatchConnectors.ts": {"lines":{"total":25,"covered":4,"skipped":0,"pct":16},"functions":{"total":1,"covered":0,"skipped":0,"pct":0},"statements":{"total":25,"covered":4,"skipped":0,"pct":16},"branches":{"total":0,"covered":0,"skipped":0,"pct":100}}
,"/home/runner/work/reactive/reactive/packages/vue/src/composables/useWatchHeight.ts": {"lines":{"total":33,"covered":5,"skipped":0,"pct":15.15},"functions":{"total":1,"covered":0,"skipped":0,"pct":0},"statements":{"total":33,"covered":5,"skipped":0,"pct":15.15},"branches":{"total":0,"covered":0,"skipped":0,"pct":100}}
,"/home/runner/work/reactive/reactive/packages/vue/src/errors/base.ts": {"lines":{"total":4,"covered":4,"skipped":0,"pct":100},"functions":{"total":1,"covered":1,"skipped":0,"pct":100},"statements":{"total":4,"covered":4,"skipped":0,"pct":100},"branches":{"total":1,"covered":1,"skipped":0,"pct":100}}
,"/home/runner/work/reactive/reactive/packages/vue/src/errors/plugin.ts": {"lines":{"total":17,"covered":17,"skipped":0,"pct":100},"functions":{"total":4,"covered":4,"skipped":0,"pct":100},"statements":{"total":17,"covered":17,"skipped":0,"pct":100},"branches":{"total":4,"covered":4,"skipped":0,"pct":100}}
,"/home/runner/work/reactive/reactive/packages/vue/src/nuxt/module.ts": {"lines":{"total":80,"covered":14,"skipped":0,"pct":17.5},"functions":{"total":1,"covered":0,"skipped":0,"pct":0},"statements":{"total":80,"covered":14,"skipped":0,"pct":17.5},"branches":{"total":0,"covered":0,"skipped":0,"pct":100}}
,"/home/runner/work/reactive/reactive/packages/vue/src/nuxt/runtime/plugin.ts": {"lines":{"total":14,"covered":0,"skipped":0,"pct":0},"functions":{"total":1,"covered":0,"skipped":0,"pct":0},"statements":{"total":14,"covered":0,"skipped":0,"pct":0},"branches":{"total":1,"covered":0,"skipped":0,"pct":0}}
,"/home/runner/work/reactive/reactive/packages/vue/src/types/properties.ts": {"lines":{"total":0,"covered":0,"skipped":0,"pct":100},"functions":{"total":1,"covered":1,"skipped":0,"pct":100},"statements":{"total":0,"covered":0,"skipped":0,"pct":100},"branches":{"total":1,"covered":1,"skipped":0,"pct":100}}
,"/home/runner/work/reactive/reactive/packages/vue/src/types/ref.ts": {"lines":{"total":0,"covered":0,"skipped":0,"pct":100},"functions":{"total":1,"covered":1,"skipped":0,"pct":100},"statements":{"total":0,"covered":0,"skipped":0,"pct":100},"branches":{"total":1,"covered":1,"skipped":0,"pct":100}}
,"/home/runner/work/reactive/reactive/packages/vue/src/utils/adaptLegacyMutationCallbacks.ts": {"lines":{"total":37,"covered":12,"skipped":0,"pct":32.43},"functions":{"total":4,"covered":1,"skipped":0,"pct":25},"statements":{"total":37,"covered":12,"skipped":0,"pct":32.43},"branches":{"total":4,"covered":1,"skipped":0,"pct":25}}
,"/home/runner/work/reactive/reactive/packages/vue/src/utils/cloneDeep.ts": {"lines":{"total":32,"covered":0,"skipped":0,"pct":0},"functions":{"total":1,"covered":0,"skipped":0,"pct":0},"statements":{"total":32,"covered":0,"skipped":0,"pct":0},"branches":{"total":1,"covered":0,"skipped":0,"pct":0}}
,"/home/runner/work/reactive/reactive/packages/vue/src/utils/query.ts": {"lines":{"total":14,"covered":14,"skipped":0,"pct":100},"functions":{"total":1,"covered":1,"skipped":0,"pct":100},"statements":{"total":14,"covered":14,"skipped":0,"pct":100},"branches":{"total":2,"covered":2,"skipped":0,"pct":100}}
}
